(crowdsrc_env) helmiina:~/crowdsrc-rst-structures/pipeline_3 $ python3 run_pipeline.py
2022-11-07 15:40:08	✔ Successfully loaded configuration from
config/relation_annotation_exam.yaml
2022-11-07 15:40:08	ℹ The unique ID for this object (relation_annotation_exam) is
A3CE872E
2022-11-07 15:40:09	ℹ Using Toloka with requester with ID
27f3ba5b49b4576123ef0e99455a6f30
2022-11-07 15:40:09	ℹ Current balance on this account is $428.0330
2022-11-07 15:40:09	ℹ Creating a new Toloka project ...
2022-11-07 15:40:09	✔ Successfully created a new project with ID 118626 on Toloka
2022-11-07 15:40:09	✔ Successfully configured a new training pool
2022-11-07 15:40:10	✔ Successfully created a new training pool
2022-11-07 15:40:10	ℹ Loading data from data/bbox_pairs_10_training.tsv
2022-11-07 15:40:10	✔ Successfully loaded 10 rows of data from
data/bbox_pairs_10_training.tsv
2022-11-07 15:40:15	✔ Successfully added 10 tasks to pool with ID 36246904
2022-11-07 15:40:15	✔ Successfully configured a new main pool
2022-11-07 15:40:15	ℹ Setting up skill
2022-11-07 15:40:15	✔ Successfully loaded skill with ID 54660 from Toloka
2022-11-07 15:40:15	ℹ Setting up quality control rules
2022-11-07 15:40:15	✔ Added quality control rule: ban for 3 days if user's CAPTCHA success
rate is less than 80%. CAPTCHA frequency is set to MEDIUM.
2022-11-07 15:40:15	✔ Successfully configured exam pool using skill 54660
2022-11-07 15:40:16	✔ Successfully created a new pool with ID 36246905 on Toloka
2022-11-07 15:40:16	ℹ Creating and adding exam tasks to pool with ID 36246905
2022-11-07 15:40:16	ℹ Loading data from data/bbox_pairs_10_exam.tsv
2022-11-07 15:40:16	✔ Successfully loaded 10 rows of data from
data/bbox_pairs_10_exam.tsv
2022-11-07 15:40:21	✔ Successfully added 10 tasks to pool with ID 36246905
2022-11-07 15:40:21	✔ Successfully loaded configuration from
config/relation_annotation.yaml
2022-11-07 15:40:21	ℹ The unique ID for this object (describe_relations) is 8A91B700
2022-11-07 15:40:21	ℹ Using Toloka with requester with ID
27f3ba5b49b4576123ef0e99455a6f30
2022-11-07 15:40:21	ℹ Current balance on this account is $428.0330
2022-11-07 15:40:21	ℹ Creating a new Toloka project ...
2022-11-07 15:40:22	✔ Successfully created a new project with ID 118627 on Toloka
2022-11-07 15:40:22	✔ Successfully configured a new main pool
2022-11-07 15:40:22	ℹ Setting up filters
2022-11-07 15:40:22	✔ Finished adding filters to the pool
2022-11-07 15:40:22	ℹ Setting up quality control rules
2022-11-07 15:40:22	✔ Added quality control rule: ban for 7 days if response time is less
than 8 seconds for 2 out of 5 tasks
2022-11-07 15:40:22	✔ Added quality control rule: ban for 7 days if user's CAPTCHA success
rate is less than 80%. CAPTCHA frequency is set to MEDIUM.
2022-11-07 15:40:22	✔ Successfully created a new pool with ID 36246906 on Toloka
2022-11-07 15:40:22	ℹ Loading data from data/bbox_pairs_20.tsv
2022-11-07 15:40:22	✔ Successfully loaded 20 rows of data from data/bbox_pairs_20.tsv
2022-11-07 15:40:22	ℹ Creating and adding tasks to pool with ID 36246906
2022-11-07 15:40:30	✔ Successfully added 20 tasks to pool with ID 36246906
2022-11-07 15:40:30	✔ Successfully loaded configuration from config/aggregate.yaml
2022-11-07 15:40:30	ℹ Creating a task sequence
2022-11-07 15:40:30	ℹ Printing tasks, inputs and outputs

Name                       Input         Output         Pool ID    Project ID   Pool type
------------------------   -----------   ------------   --------   ----------   ---------
relation_annotation_exam   image (url)   result (str)   36246904   118626       Training 
relation_annotation_exam   image (url)   result (str)   36246905   118626       Exam     
describe_relations         image (url)   result (str)   36246906   118627       Pool     
aggregate_relations        --            --             --         --           Action   

2022-11-07 15:40:30	ℹ Registered an assignments observer for task describe_relations
(36246906)
2022-11-07 15:40:30	ℹ Registered a pool status observer for task relation_annotation_exam
(36246905)
2022-11-07 15:40:30	ℹ Results from describe_relations will be aggregated with
aggregate_relations
2022-11-07 15:40:30	ℹ Registered a pool status observer for task describe_relations
(36246906)
2022-11-07 15:40:30	ℹ Registered a pool analytics observer for task
relation_annotation_exam (36246905)
2022-11-07 15:40:31	ℹ Rejected tasks from pool describe_relations will be re-added to the
pool
2022-11-07 15:40:31	ℹ Starting the task sequence
2022-11-07 15:40:33	ℹ Opened pool with ID 36246905
2022-11-07 15:40:33	ℹ Opened pool with ID 36246906
2022-11-07 15:40:38	ℹ Pool describe_relations is now 0% complete ...
2022-11-07 15:40:56	ℹ Pool describe_relations is now 0% complete ...
2022-11-07 15:41:11	ℹ 0 workers submitted to pool 36246905
2022-11-07 15:41:15	ℹ Pool describe_relations is now 0% complete ...
2022-11-07 15:41:32	ℹ Pool describe_relations is now 0% complete ...
2022-11-07 15:41:55	ℹ Pool describe_relations is now 0% complete ...
2022-11-07 15:42:12	ℹ Pool describe_relations is now 0% complete ...
2022-11-07 15:42:28	ℹ Pool describe_relations is now 0% complete ...
2022-11-07 15:42:46	ℹ Pool describe_relations is now 0% complete ...
2022-11-07 15:43:04	ℹ Pool describe_relations is now 0% complete ...
2022-11-07 15:43:21	ℹ Pool describe_relations is now 0% complete ...
2022-11-07 15:43:36	ℹ 1 workers submitted to pool 36246905
2022-11-07 15:43:39	ℹ Pool describe_relations is now 0% complete ...
2022-11-07 15:43:57	ℹ Pool describe_relations is now 0% complete ...
2022-11-07 15:44:12	ℹ 2 workers submitted to pool 36246905
2022-11-07 15:44:13	ℹ Pool describe_relations is now 0% complete ...
2022-11-07 15:44:29	ℹ Pool describe_relations is now 0% complete ...
2022-11-07 15:44:44	ℹ 4 workers submitted to pool 36246905
2022-11-07 15:44:45	ℹ Pool describe_relations is now 0% complete ...
2022-11-07 15:45:05	ℹ Pool describe_relations is now 0% complete ...
2022-11-07 15:45:21	ℹ 5 workers submitted to pool 36246905
2022-11-07 15:45:23	ℹ Pool describe_relations is now 0% complete ...
2022-11-07 15:45:40	ℹ Pool describe_relations is now 0% complete ...
2022-11-07 15:45:55	ℹ 7 workers submitted to pool 36246905
2022-11-07 15:46:00	ℹ Pool describe_relations is now 0% complete ...
2022-11-07 15:46:19	ℹ Pool describe_relations is now 0% complete ...
2022-11-07 15:46:35	⚠ Maximum number of performers (10) reached for pool 36246905; closing
pool ...
2022-11-07 15:46:35	✔ Successfully closed pool 36246905
2022-11-07 15:46:35	✔ Successfully closed training pool 36246904
2022-11-07 15:46:35	ℹ Pool describe_relations is now 0% complete ...
2022-11-07 15:46:54	ℹ Pool describe_relations is now 0% complete ...
2022-11-07 15:47:09	ℹ Closed pool with ID 36246905
2022-11-07 15:47:11	ℹ Pool describe_relations is now 0% complete ...
2022-11-07 15:47:27	ℹ Pool describe_relations is now 0% complete ...
2022-11-07 15:47:46	ℹ Pool describe_relations is now 0% complete ...
2022-11-07 15:48:02	ℹ Pool describe_relations is now 0% complete ...
2022-11-07 15:48:17	ℹ Opened pool with ID 36246905
2022-11-07 15:48:22	ℹ Pool describe_relations is now 0% complete ...
2022-11-07 15:48:38	ℹ Pool describe_relations is now 0% complete ...
2022-11-07 15:48:57	ℹ Pool describe_relations is now 0% complete ...
2022-11-07 15:49:16	ℹ Pool describe_relations is now 0% complete ...
2022-11-07 15:49:40	ℹ Pool describe_relations is now 0% complete ...
2022-11-07 15:49:58	ℹ Pool describe_relations is now 0% complete ...
2022-11-07 15:50:17	ℹ Pool describe_relations is now 0% complete ...
2022-11-07 15:50:35	ℹ Pool describe_relations is now 0% complete ...
2022-11-07 15:50:53	ℹ Pool describe_relations is now 0% complete ...
2022-11-07 15:51:10	ℹ Pool describe_relations is now 0% complete ...
2022-11-07 15:51:27	ℹ Pool describe_relations is now 0% complete ...
2022-11-07 15:51:45	ℹ Pool describe_relations is now 0% complete ...
2022-11-07 15:52:03	ℹ Pool describe_relations is now 0% complete ...
2022-11-07 15:52:19	ℹ Pool describe_relations is now 0% complete ...
2022-11-07 15:52:38	ℹ Pool describe_relations is now 0% complete ...
2022-11-07 15:52:55	ℹ Pool describe_relations is now 0% complete ...
2022-11-07 15:53:12	ℹ Pool describe_relations is now 0% complete ...
2022-11-07 15:53:29	ℹ Pool describe_relations is now 0% complete ...
2022-11-07 15:53:49	ℹ Pool describe_relations is now 0% complete ...
2022-11-07 15:54:07	ℹ Pool describe_relations is now 6% complete ...
2022-11-07 15:54:23	ℹ Pool describe_relations is now 6% complete ...
2022-11-07 15:54:42	ℹ Pool describe_relations is now 13% complete ...
2022-11-07 15:55:01	ℹ Pool describe_relations is now 13% complete ...
2022-11-07 15:55:17	ℹ Pool describe_relations is now 20% complete ...
2022-11-07 15:55:39	ℹ Pool describe_relations is now 20% complete ...
2022-11-07 15:55:56	ℹ Pool describe_relations is now 20% complete ...
2022-11-07 15:56:13	ℹ Pool describe_relations is now 26% complete ...
2022-11-07 15:56:30	ℹ Pool describe_relations is now 26% complete ...
2022-11-07 15:56:46	ℹ Pool describe_relations is now 26% complete ...
2022-11-07 15:57:03	ℹ Pool describe_relations is now 26% complete ...
2022-11-07 15:57:20	ℹ Pool describe_relations is now 26% complete ...
2022-11-07 15:57:37	ℹ Pool describe_relations is now 33% complete ...
2022-11-07 15:57:54	ℹ Pool describe_relations is now 33% complete ...
2022-11-07 15:58:10	ℹ Pool describe_relations is now 33% complete ...
2022-11-07 15:58:28	ℹ Pool describe_relations is now 33% complete ...
2022-11-07 15:58:44	ℹ Pool describe_relations is now 33% complete ...
2022-11-07 15:59:03	ℹ Pool describe_relations is now 33% complete ...
2022-11-07 15:59:21	ℹ Pool describe_relations is now 33% complete ...
2022-11-07 15:59:37	ℹ Closed pool with ID 36246905
2022-11-07 15:59:41	ℹ Pool describe_relations is now 33% complete ...
2022-11-07 15:59:59	ℹ Pool describe_relations is now 33% complete ...
2022-11-07 16:00:20	ℹ Pool describe_relations is now 33% complete ...
2022-11-07 16:00:37	ℹ Pool describe_relations is now 33% complete ...
2022-11-07 16:00:58	ℹ Pool describe_relations is now 33% complete ...
2022-11-07 16:01:14	ℹ Pool describe_relations is now 33% complete ...
2022-11-07 16:01:30	ℹ Pool describe_relations is now 33% complete ...
2022-11-07 16:01:50	ℹ Pool describe_relations is now 33% complete ...
2022-11-07 16:02:07	ℹ Pool describe_relations is now 33% complete ...
2022-11-07 16:02:23	ℹ Pool describe_relations is now 33% complete ...
2022-11-07 16:02:39	ℹ Pool describe_relations is now 33% complete ...
2022-11-07 16:02:56	ℹ Pool describe_relations is now 40% complete ...
2022-11-07 16:03:14	ℹ Pool describe_relations is now 40% complete ...
2022-11-07 16:03:32	ℹ Pool describe_relations is now 40% complete ...
2022-11-07 16:03:50	ℹ Pool describe_relations is now 40% complete ...
2022-11-07 16:04:10	ℹ Pool describe_relations is now 40% complete ...
2022-11-07 16:04:27	ℹ Pool describe_relations is now 40% complete ...
2022-11-07 16:04:44	ℹ Pool describe_relations is now 40% complete ...
2022-11-07 16:05:04	ℹ Pool describe_relations is now 46% complete ...
2022-11-07 16:05:21	ℹ Pool describe_relations is now 46% complete ...
2022-11-07 16:05:37	ℹ Pool describe_relations is now 46% complete ...
2022-11-07 16:05:56	ℹ Pool describe_relations is now 46% complete ...
2022-11-07 16:06:14	ℹ Pool describe_relations is now 46% complete ...
2022-11-07 16:06:31	ℹ Pool describe_relations is now 46% complete ...
2022-11-07 16:06:48	ℹ Pool describe_relations is now 46% complete ...
2022-11-07 16:07:05	ℹ Pool describe_relations is now 53% complete ...
2022-11-07 16:07:24	ℹ Pool describe_relations is now 53% complete ...
2022-11-07 16:07:40	ℹ Pool describe_relations is now 53% complete ...
2022-11-07 16:07:57	ℹ Pool describe_relations is now 53% complete ...
2022-11-07 16:08:14	ℹ Pool describe_relations is now 60% complete ...
2022-11-07 16:08:33	ℹ Pool describe_relations is now 60% complete ...
2022-11-07 16:08:50	ℹ Pool describe_relations is now 60% complete ...
2022-11-07 16:09:06	ℹ Pool describe_relations is now 60% complete ...
2022-11-07 16:09:25	ℹ Pool describe_relations is now 60% complete ...
2022-11-07 16:09:43	ℹ Pool describe_relations is now 60% complete ...
2022-11-07 16:09:59	ℹ Pool describe_relations is now 60% complete ...
2022-11-07 16:10:19	ℹ Pool describe_relations is now 60% complete ...
2022-11-07 16:10:36	ℹ Pool describe_relations is now 60% complete ...
2022-11-07 16:10:53	ℹ Pool describe_relations is now 60% complete ...
2022-11-07 16:11:12	ℹ Pool describe_relations is now 60% complete ...
2022-11-07 16:11:30	ℹ Pool describe_relations is now 60% complete ...
2022-11-07 16:11:47	ℹ Pool describe_relations is now 60% complete ...
2022-11-07 16:12:03	ℹ Pool describe_relations is now 60% complete ...
2022-11-07 16:12:20	ℹ Pool describe_relations is now 60% complete ...
2022-11-07 16:12:37	ℹ Pool describe_relations is now 60% complete ...
2022-11-07 16:12:53	ℹ Pool describe_relations is now 60% complete ...
2022-11-07 16:13:13	ℹ Pool describe_relations is now 60% complete ...
2022-11-07 16:13:30	ℹ Pool describe_relations is now 60% complete ...
2022-11-07 16:13:48	ℹ Pool describe_relations is now 60% complete ...
2022-11-07 16:14:04	ℹ Pool describe_relations is now 60% complete ...
2022-11-07 16:14:25	ℹ Pool describe_relations is now 60% complete ...
2022-11-07 16:14:42	ℹ Pool describe_relations is now 60% complete ...
2022-11-07 16:14:58	ℹ Pool describe_relations is now 60% complete ...
2022-11-07 16:15:14	ℹ Pool describe_relations is now 60% complete ...
2022-11-07 16:15:30	ℹ Pool describe_relations is now 66% complete ...
2022-11-07 16:15:47	ℹ Pool describe_relations is now 66% complete ...
2022-11-07 16:16:03	ℹ Pool describe_relations is now 66% complete ...
2022-11-07 16:16:19	ℹ Pool describe_relations is now 66% complete ...
2022-11-07 16:16:36	ℹ Pool describe_relations is now 66% complete ...
2022-11-07 16:16:54	ℹ Pool describe_relations is now 66% complete ...
2022-11-07 16:17:11	ℹ Pool describe_relations is now 66% complete ...
2022-11-07 16:17:28	ℹ Pool describe_relations is now 73% complete ...
2022-11-07 16:17:48	ℹ Pool describe_relations is now 73% complete ...
2022-11-07 16:18:04	ℹ Pool describe_relations is now 73% complete ...
2022-11-07 16:18:21	ℹ Pool describe_relations is now 73% complete ...
2022-11-07 16:18:39	ℹ Pool describe_relations is now 73% complete ...
2022-11-07 16:18:58	ℹ Pool describe_relations is now 80% complete ...
2022-11-07 16:19:15	ℹ Pool describe_relations is now 80% complete ...
2022-11-07 16:19:33	ℹ Pool describe_relations is now 80% complete ...
2022-11-07 16:19:49	ℹ Pool describe_relations is now 80% complete ...
2022-11-07 16:20:07	ℹ Pool describe_relations is now 80% complete ...
2022-11-07 16:20:26	ℹ Pool describe_relations is now 80% complete ...
2022-11-07 16:20:45	ℹ Pool describe_relations is now 80% complete ...
2022-11-07 16:21:04	ℹ Pool describe_relations is now 80% complete ...
2022-11-07 16:21:22	ℹ Pool describe_relations is now 80% complete ...
2022-11-07 16:21:39	ℹ Pool describe_relations is now 80% complete ...
2022-11-07 16:22:00	ℹ Pool describe_relations is now 80% complete ...
2022-11-07 16:22:17	ℹ Pool describe_relations is now 80% complete ...
2022-11-07 16:22:33	ℹ Pool describe_relations is now 80% complete ...
2022-11-07 16:22:50	ℹ Pool describe_relations is now 80% complete ...
2022-11-07 16:23:07	ℹ Pool describe_relations is now 80% complete ...
2022-11-07 16:23:23	ℹ Pool describe_relations is now 80% complete ...
2022-11-07 16:23:39	ℹ Pool describe_relations is now 80% complete ...
2022-11-07 16:23:55	ℹ Pool describe_relations is now 86% complete ...
2022-11-07 16:24:13	ℹ Pool describe_relations is now 86% complete ...
2022-11-07 16:24:31	ℹ Pool describe_relations is now 86% complete ...
2022-11-07 16:24:50	ℹ Pool describe_relations is now 86% complete ...
2022-11-07 16:25:07	ℹ Pool describe_relations is now 86% complete ...
2022-11-07 16:25:24	ℹ Pool describe_relations is now 86% complete ...
2022-11-07 16:25:40	ℹ Pool describe_relations is now 86% complete ...
2022-11-07 16:25:57	ℹ Pool describe_relations is now 86% complete ...
2022-11-07 16:26:16	ℹ Pool describe_relations is now 86% complete ...
2022-11-07 16:26:32	ℹ Pool describe_relations is now 86% complete ...
2022-11-07 16:26:48	ℹ Pool describe_relations is now 86% complete ...
2022-11-07 16:27:05	ℹ Pool describe_relations is now 86% complete ...
2022-11-07 16:27:21	ℹ Pool describe_relations is now 86% complete ...
2022-11-07 16:27:38	ℹ Pool describe_relations is now 86% complete ...
2022-11-07 16:27:56	ℹ Pool describe_relations is now 86% complete ...
2022-11-07 16:28:14	ℹ Pool describe_relations is now 86% complete ...
2022-11-07 16:28:30	ℹ Pool describe_relations is now 86% complete ...
2022-11-07 16:28:46	ℹ Pool describe_relations is now 93% complete ...
2022-11-07 16:29:02	ℹ Pool describe_relations is now 93% complete ...
2022-11-07 16:29:23	ℹ Pool describe_relations is now 93% complete ...
2022-11-07 16:29:41	ℹ Pool describe_relations is now 93% complete ...
2022-11-07 16:30:00	ℹ Pool describe_relations is now 93% complete ...
2022-11-07 16:30:17	ℹ Pool describe_relations is now 93% complete ...
2022-11-07 16:30:34	ℹ Pool describe_relations is now 93% complete ...
2022-11-07 16:30:50	ℹ Pool describe_relations is now 93% complete ...
2022-11-07 16:31:08	ℹ Pool describe_relations is now 93% complete ...
2022-11-07 16:31:26	ℹ Pool describe_relations is now 93% complete ...
2022-11-07 16:31:46	ℹ Pool describe_relations is now 93% complete ...
2022-11-07 16:32:03	ℹ Pool describe_relations is now 93% complete ...
2022-11-07 16:32:20	ℹ Pool describe_relations is now 93% complete ...
2022-11-07 16:32:37	ℹ Pool describe_relations is now 93% complete ...
2022-11-07 16:32:53	ℹ Pool describe_relations is now 93% complete ...
2022-11-07 16:33:10	ℹ Pool describe_relations is now 93% complete ...
2022-11-07 16:33:26	ℹ Pool describe_relations is now 93% complete ...
2022-11-07 16:33:43	ℹ Pool describe_relations is now 93% complete ...
2022-11-07 16:33:59	ℹ Pool describe_relations is now 93% complete ...
2022-11-07 16:34:16	ℹ Pool describe_relations is now 100% complete ...
2022-11-07 16:34:36	ℹ Pool describe_relations is now 100% complete ...
2022-11-07 16:34:53	ℹ Pool describe_relations is now 100% complete ...
2022-11-07 16:35:08	ℹ Closed pool with ID 36246906
Saving aggregated results to file aggregate_relations_results.tsv.
2022-11-07 16:35:10	✔ Finished aggregating 20 submitted tasks from describe_relations
2022-11-07 16:35:11	ℹ Pool describe_relations is now 100% complete ...
2022-11-07 16:35:28	ℹ Pool describe_relations is now 100% complete ...
2022-11-07 16:35:44	ℹ Pool describe_relations is now 100% complete ...
2022-11-07 16:37:00	✔ Successfully completed the task sequence
