(crowdsrc_env) helmiina:~/crowdsrc-rst-structures/pipeline_2 $ python3 run_pipeline.py 
2022-09-28 14:36:15	✔ Successfully loaded configuration from
config/relation_annotation_exam.yaml
2022-09-28 14:36:15	ℹ The unique ID for this object (relation_annotation_exam) is
9F35071E
2022-09-28 14:36:15	ℹ Using Toloka with requester with ID
27f3ba5b49b4576123ef0e99455a6f30
2022-09-28 14:36:15	ℹ Current balance on this account is $446.4830
2022-09-28 14:36:15	ℹ Creating a new Toloka project ...
2022-09-28 14:36:15	✔ Successfully created a new project with ID 112271 on Toloka
2022-09-28 14:36:15	✔ Successfully configured a new training pool
2022-09-28 14:36:16	✔ Successfully created a new training pool
2022-09-28 14:36:16	ℹ Loading data from data/bbox_pairs_10_training.tsv
2022-09-28 14:36:16	✔ Successfully loaded 10 rows of data from
data/bbox_pairs_10_training.tsv
2022-09-28 14:36:26	✔ Successfully added 10 tasks to pool with ID 35631937
2022-09-28 14:36:26	✔ Successfully configured a new main pool
2022-09-28 14:36:26	ℹ Setting up skill
2022-09-28 14:36:26	✔ Successfully loaded skill with ID 51032 from Toloka
2022-09-28 14:36:26	ℹ Setting up quality control rules
2022-09-28 14:36:26	✔ Added quality control rule: ban for 3 days if user's CAPTCHA success
rate is less than 80%. CAPTCHA frequency is set to MEDIUM.
2022-09-28 14:36:26	✔ Successfully configured exam pool using skill 51032
2022-09-28 14:36:27	✔ Successfully created a new pool with ID 35631940 on Toloka
2022-09-28 14:36:27	ℹ Creating and adding exam tasks to pool with ID 35631940
2022-09-28 14:36:27	ℹ Loading data from data/bbox_pairs_10_exam.tsv
2022-09-28 14:36:27	✔ Successfully loaded 10 rows of data from
data/bbox_pairs_10_exam.tsv
2022-09-28 14:36:33	✔ Successfully added 10 tasks to pool with ID 35631940
2022-09-28 14:36:33	✔ Successfully loaded configuration from
config/relation_annotation.yaml
2022-09-28 14:36:33	ℹ The unique ID for this object (describe_relations) is 2C911A77
2022-09-28 14:36:33	ℹ Using Toloka with requester with ID
27f3ba5b49b4576123ef0e99455a6f30
2022-09-28 14:36:33	ℹ Current balance on this account is $446.4830
2022-09-28 14:36:33	ℹ Creating a new Toloka project ...
2022-09-28 14:36:33	✔ Successfully created a new project with ID 112272 on Toloka
2022-09-28 14:36:33	✔ Successfully configured a new main pool
2022-09-28 14:36:33	ℹ Speed/quality setting: only top 10% of users will have access to pool
describe_relations
2022-09-28 14:36:33	ℹ Setting up filters
2022-09-28 14:36:33	✔ Finished adding filters to the pool
2022-09-28 14:36:33	ℹ Setting up quality control rules
2022-09-28 14:36:33	✔ Added quality control rule: ban for 7 days if response time is less
than 8 seconds for 2 out of 5 tasks
2022-09-28 14:36:33	✔ Added quality control rule: ban for 7 days if user's CAPTCHA success
rate is less than 80%. CAPTCHA frequency is set to MEDIUM.
2022-09-28 14:36:34	✔ Successfully created a new pool with ID 35631943 on Toloka
2022-09-28 14:36:34	ℹ Loading data from data/bbox_pairs_20.tsv
2022-09-28 14:36:34	✔ Successfully loaded 20 rows of data from data/bbox_pairs_20.tsv
2022-09-28 14:36:34	ℹ Creating and adding tasks to pool with ID 35631943
2022-09-28 14:36:44	✔ Successfully added 20 tasks to pool with ID 35631943
2022-09-28 14:36:44	✔ Successfully loaded configuration from config/validate.yaml
2022-09-28 14:36:44	ℹ Creating a task sequence
2022-09-28 14:36:44	ℹ Printing tasks, inputs and outputs

Name                       Input         Output         Pool ID    Project ID   Pool type
------------------------   -----------   ------------   --------   ----------   ---------
relation_annotation_exam   image (url)   result (str)   35631937   112271       Training 
relation_annotation_exam   image (url)   result (str)   35631940   112271       Exam     
describe_relations         image (url)   result (str)   35631943   112272       Pool     
validate_answer            --            --             --         --           Action   

2022-09-28 14:36:44	ℹ Registered an assignments observer for task describe_relations
(35631943)
2022-09-28 14:36:44	ℹ Registered a pool status observer for task relation_annotation_exam
(35631940)
2022-09-28 14:36:44	ℹ Registered a pool status observer for task describe_relations
(35631943)
2022-09-28 14:36:44	ℹ Registered a pool analytics observer for task
relation_annotation_exam (35631940)
2022-09-28 14:36:44	ℹ Setting up a connection from describe_relations to validate_answer on
submission
2022-09-28 14:36:45	ℹ Rejected tasks from pool describe_relations will be re-added to the
pool
2022-09-28 14:36:45	ℹ Starting the task sequence
2022-09-28 14:36:47	ℹ Opened pool with ID 35631943
2022-09-28 14:36:47	ℹ Opened pool with ID 35631940
2022-09-28 14:36:49	ℹ Pool describe_relations is now 0% complete ...
2022-09-28 14:37:06	ℹ Pool describe_relations is now 0% complete ...
2022-09-28 14:37:22	ℹ 0 workers submitted to pool 35631940
2022-09-28 14:37:25	ℹ Pool describe_relations is now 0% complete ...
2022-09-28 14:37:42	ℹ Pool describe_relations is now 0% complete ...
2022-09-28 14:37:58	ℹ Pool describe_relations is now 0% complete ...
2022-09-28 14:38:15	ℹ Pool describe_relations is now 0% complete ...
2022-09-28 14:38:39	ℹ Pool describe_relations is now 0% complete ...
2022-09-28 14:38:57	ℹ Pool describe_relations is now 0% complete ...
2022-09-28 14:39:13	ℹ Pool describe_relations is now 0% complete ...
2022-09-28 14:39:30	ℹ Pool describe_relations is now 0% complete ...
2022-09-28 14:39:45	ℹ 1 workers submitted to pool 35631940
2022-09-28 14:39:50	ℹ Pool describe_relations is now 0% complete ...
2022-09-28 14:40:10	ℹ Pool describe_relations is now 1% complete ...
2022-09-28 14:40:28	✔ Accepted assignment 00021fb347--633432809671e7535c0454d8 with answer
"is a name of"
2022-09-28 14:40:31	ℹ Pool describe_relations is now 3% complete ...
2022-09-28 14:40:48	ℹ Pool describe_relations is now 6% complete ...
2022-09-28 14:41:04	ℹ 4 workers submitted to pool 35631940
2022-09-28 14:41:06	✔ Accepted assignment 00021fb347--633432973bb55206bc27e037 with answer
"describes "
2022-09-28 14:41:07	✔ Accepted assignment 00021fb347--633432ad56e9cd70637c6dbd with answer
"is a name of"
2022-09-28 14:41:08	✔ Accepted assignment 00021fb347--633432b52ed502679f2a922a with answer
"is a name of"
2022-09-28 14:41:09	✔ Accepted assignment 00021fb347--633432bc459ec858831da2c3 with answer
"describes"
2022-09-28 14:41:09	ℹ Pool describe_relations is now 8% complete ...
2022-09-28 14:41:26	ℹ Pool describe_relations is now 8% complete ...
2022-09-28 14:41:41	⚠ Maximum number of performers (10) reached for pool 35631940; closing
pool ...
2022-09-28 14:41:41	✔ Successfully closed pool 35631940
2022-09-28 14:41:42	✔ Successfully closed training pool 35631937
2022-09-28 14:41:47	ℹ Pool describe_relations is now 8% complete ...
2022-09-28 14:42:05	ℹ Pool describe_relations is now 8% complete ...
2022-09-28 14:42:20	ℹ Closed pool with ID 35631940
2022-09-28 14:42:24	ℹ Pool describe_relations is now 10% complete ...
2022-09-28 14:42:40	ℹ Pool describe_relations is now 11% complete ...
2022-09-28 14:42:57	✔ Accepted assignment 00021fb347--6334330070781756df2b818e with answer
"names"
2022-09-28 14:42:58	✔ Accepted assignment 00021fb347--6334331e523601203a674a3e with answer
"names"
2022-09-28 14:42:59	✔ Accepted assignment 00021fb347--63343329523601203a674a79 with answer
"is a name of"
2022-09-28 14:43:00	ℹ Pool describe_relations is now 13% complete ...
2022-09-28 14:43:16	ℹ Pool describe_relations is now 15% complete ...
2022-09-28 14:43:33	✔ Accepted assignment 00021fb347--6334333bfa8f757544a37621 with answer
"describes"
2022-09-28 14:43:44	ℹ Pool describe_relations is now 16% complete ...
2022-09-28 14:44:01	✔ Accepted assignment 00021fb347--6334335aa77c017ea91b3a48 with answer
"names"
2022-09-28 14:44:02	✔ Accepted assignment 00021fb347--6334336570781756df2b851b with answer
"is a name of"
2022-09-28 14:44:04	ℹ Pool describe_relations is now 18% complete ...
2022-09-28 14:44:26	ℹ Pool describe_relations is now 20% complete ...
2022-09-28 14:44:43	✔ Accepted assignment 00021fb347--63343371581e654d4b528ff2 with answer
"is a name of"
2022-09-28 14:44:45	✔ Accepted assignment 00021fb347--6334338cf5b89d2bf03a386d with answer
"names"
2022-09-28 14:44:45	ℹ Pool describe_relations is now 21% complete ...
2022-09-28 14:45:02	ℹ Pool describe_relations is now 23% complete ...
2022-09-28 14:45:20	✔ Accepted assignment 00021fb347--633433a12ed502679f2a9bf6 with answer
"describes"
2022-09-28 14:45:21	ℹ Pool describe_relations is now 23% complete ...
2022-09-28 14:45:38	ℹ Pool describe_relations is now 23% complete ...
2022-09-28 14:45:54	ℹ Pool describe_relations is now 23% complete ...
2022-09-28 14:46:13	ℹ Pool describe_relations is now 23% complete ...
2022-09-28 14:46:31	ℹ Pool describe_relations is now 23% complete ...
2022-09-28 14:46:58	✔ Accepted assignment 00021fb347--633433afa7e1744f938bb492 with answer
"names a situation in which one of the participants is"
2022-09-28 14:47:00	ℹ Pool describe_relations is now 25% complete ...
2022-09-28 14:47:17	ℹ Pool describe_relations is now 26% complete ...
2022-09-28 14:47:34	✔ Accepted assignment 00021fb347--6334342c9671e7535c046677 with answer
"names"
2022-09-28 14:47:36	✔ Accepted assignment 00021fb347--633434353b63a3017205c85c with answer
"is a name of"
2022-09-28 14:47:36	ℹ Pool describe_relations is now 28% complete ...
2022-09-28 14:47:53	ℹ Pool describe_relations is now 30% complete ...
2022-09-28 14:48:10	✔ Accepted assignment 00021fb347--633434462b1c9e7e273be1f6 with answer
"names"
2022-09-28 14:48:11	✔ Accepted assignment 00021fb347--633434564f7d2c5e9d2048ed with answer
"names"
2022-09-28 14:48:11	ℹ Pool describe_relations is now 33% complete ...
2022-09-28 14:48:28	ℹ Pool describe_relations is now 35% complete ...
2022-09-28 14:48:45	✔ Accepted assignment 00021fb347--6334346b989d103f6f6f2e38 with answer
"is a name of"
2022-09-28 14:48:46	✔ Accepted assignment 00021fb347--6334347ab0fd212adddfd814 with answer
"names"
2022-09-28 14:48:48	✔ Accepted assignment 00021fb347--6334348702ec6f697f331061 with answer
"is a name of"
2022-09-28 14:48:48	ℹ Pool describe_relations is now 36% complete ...
2022-09-28 14:49:08	ℹ Pool describe_relations is now 38% complete ...
2022-09-28 14:49:25	✔ Accepted assignment 00021fb347--6334349c62757c499751efa6 with answer
"names"
2022-09-28 14:49:26	✔ Accepted assignment 00021fb347--633434a56500ff5f3720d6a8 with answer
"describes"
2022-09-28 14:49:27	✔ Accepted assignment 00021fb347--633434b1b2aa4922e6cabb33 with answer
"is a name of"
2022-09-28 14:49:28	ℹ Pool describe_relations is now 41% complete ...
2022-09-28 14:49:45	ℹ Pool describe_relations is now 41% complete ...
2022-09-28 14:50:03	ℹ Pool describe_relations is now 41% complete ...
2022-09-28 14:50:21	ℹ Pool describe_relations is now 41% complete ...
2022-09-28 14:50:41	ℹ Pool describe_relations is now 41% complete ...
2022-09-28 14:50:58	ℹ Pool describe_relations is now 41% complete ...
2022-09-28 14:51:16	ℹ Pool describe_relations is now 41% complete ...
2022-09-28 14:51:32	ℹ Pool describe_relations is now 41% complete ...
2022-09-28 14:51:52	ℹ Pool describe_relations is now 41% complete ...
2022-09-28 14:52:15	ℹ Pool describe_relations is now 41% complete ...
2022-09-28 14:52:31	ℹ Pool describe_relations is now 41% complete ...
2022-09-28 14:52:48	ℹ Pool describe_relations is now 41% complete ...
2022-09-28 14:53:04	ℹ Pool describe_relations is now 41% complete ...
2022-09-28 14:53:21	ℹ Pool describe_relations is now 41% complete ...
2022-09-28 14:53:50	ℹ Pool describe_relations is now 41% complete ...
2022-09-28 14:54:08	ℹ Pool describe_relations is now 41% complete ...
2022-09-28 14:54:24	ℹ Pool describe_relations is now 41% complete ...
2022-09-28 14:54:40	ℹ Pool describe_relations is now 41% complete ...
2022-09-28 14:54:58	ℹ Pool describe_relations is now 41% complete ...
2022-09-28 14:55:25	ℹ Pool describe_relations is now 41% complete ...
2022-09-28 14:55:42	ℹ Pool describe_relations is now 41% complete ...
2022-09-28 14:56:00	ℹ Pool describe_relations is now 41% complete ...
2022-09-28 14:56:18	ℹ Pool describe_relations is now 41% complete ...
2022-09-28 14:56:36	ℹ Pool describe_relations is now 41% complete ...
2022-09-28 14:56:53	ℹ Pool describe_relations is now 41% complete ...
2022-09-28 14:57:10	ℹ Pool describe_relations is now 41% complete ...
2022-09-28 14:57:25	ℹ Opened pool with ID 35631940
2022-09-28 14:57:26	ℹ Pool describe_relations is now 41% complete ...
2022-09-28 14:57:42	ℹ Pool describe_relations is now 41% complete ...
2022-09-28 14:58:01	ℹ Pool describe_relations is now 41% complete ...
2022-09-28 14:58:18	ℹ Pool describe_relations is now 41% complete ...
2022-09-28 14:58:40	ℹ Pool describe_relations is now 41% complete ...
2022-09-28 14:58:57	ℹ Pool describe_relations is now 41% complete ...
2022-09-28 14:59:15	ℹ Pool describe_relations is now 41% complete ...
2022-09-28 14:59:33	ℹ Pool describe_relations is now 41% complete ...
2022-09-28 14:59:51	ℹ Pool describe_relations is now 41% complete ...
2022-09-28 15:00:08	ℹ Pool describe_relations is now 41% complete ...
2022-09-28 15:00:27	ℹ Pool describe_relations is now 41% complete ...
2022-09-28 15:00:44	ℹ Pool describe_relations is now 41% complete ...
2022-09-28 15:01:00	ℹ Pool describe_relations is now 43% complete ...
2022-09-28 15:01:17	✔ Accepted assignment 00021fb347--633436dd086317701120800e with answer
"describes"
2022-09-28 15:01:17	ℹ Pool describe_relations is now 43% complete ...
2022-09-28 15:01:35	ℹ Pool describe_relations is now 43% complete ...
2022-09-28 15:01:52	ℹ Pool describe_relations is now 43% complete ...
2022-09-28 15:02:11	ℹ Pool describe_relations is now 45% complete ...
2022-09-28 15:02:28	✔ Accepted assignment 00021fb347--6334379e8327cc7034a13055 with answer
"A is name B"
2022-09-28 15:02:29	✔ Accepted assignment 00021fb347--633437bcf5b89d2bf03a646c with answer
"A is name B"
2022-09-28 15:02:29	ℹ Pool describe_relations is now 48% complete ...
2022-09-28 15:02:46	ℹ Pool describe_relations is now 48% complete ...
2022-09-28 15:03:03	✔ Accepted assignment 00021fb347--63343776a971bb251f8126a3 with answer
"is the name of"
2022-09-28 15:03:05	✔ Accepted assignment 00021fb347--633437cd62757c499752143c with answer
"A describes B"
2022-09-28 15:03:05	ℹ Pool describe_relations is now 50% complete ...
2022-09-28 15:03:20	ℹ Closed pool with ID 35631940
2022-09-28 15:03:28	ℹ Pool describe_relations is now 50% complete ...
2022-09-28 15:03:45	✔ Accepted assignment 00021fb347--633437f5f5b89d2bf03a66a4 with answer
"describes"
2022-09-28 15:03:46	✔ Accepted assignment 00021fb347--633437d4b2aa4922e6caf79b with answer
"describes"
2022-09-28 15:03:46	ℹ Pool describe_relations is now 53% complete ...
2022-09-28 15:04:03	ℹ Pool describe_relations is now 55% complete ...
2022-09-28 15:04:20	✔ Accepted assignment 00021fb347--633438112ed502679f2acd60 with answer
"is name"
2022-09-28 15:04:21	✔ Accepted assignment 00021fb347--63343827523601203a67b142 with answer
"is name"
2022-09-28 15:04:21	ℹ Pool describe_relations is now 56% complete ...
2022-09-28 15:04:43	ℹ Pool describe_relations is now 58% complete ...
2022-09-28 15:05:00	✔ Accepted assignment 00021fb347--63343836308d1b21fbac3e59 with answer
"describes"
2022-09-28 15:05:01	✔ Accepted assignment 00021fb347--63343856c12195517b6d08b4 with answer
"describes"
2022-09-28 15:05:01	ℹ Pool describe_relations is now 60% complete ...
2022-09-28 15:05:28	⚠ Rejected assignment 00021fb347--63343862b2c38f1b673004bf with answer
"number"
2022-09-28 15:05:28	ℹ Pool describe_relations is now 61% complete ...
2022-09-28 15:05:44	ℹ Pool describe_relations is now 60% complete ...
2022-09-28 15:06:00	ℹ Pool describe_relations is now 60% complete ...
2022-09-28 15:06:21	ℹ Pool describe_relations is now 60% complete ...
2022-09-28 15:06:38	✔ Accepted assignment 00021fb347--633438adfa8f757544a3bc6e with answer
"describes"
2022-09-28 15:06:40	⚠ Rejected assignment 00021fb347--633438be459ec858831def1a with answer
"name"
2022-09-28 15:06:40	ℹ Pool describe_relations is now 63% complete ...
2022-09-28 15:07:00	ℹ Pool describe_relations is now 66% complete ...
2022-09-28 15:07:18	⚠ Rejected assignment 00021fb347--633438c85b9b047836804771 with answer
"name"
2022-09-28 15:07:20	⚠ Rejected assignment 00021fb347--633438d84f7d2c5e9d208da8 with answer
"name"
2022-09-28 15:07:20	ℹ Pool describe_relations is now 66% complete ...
2022-09-28 15:07:47	✔ Accepted assignment 00021fb347--633438e43337e06be0274b26 with answer
"is name"
2022-09-28 15:07:48	✔ Accepted assignment 00021fb347--633438f69b1364566ab106b0 with answer
"is name"
2022-09-28 15:07:49	⚠ Rejected assignment 00021fb347--633438c170781756df2bc368 with answer
"name of"
2022-09-28 15:07:51	✔ Accepted assignment 00021fb347--633439025b9b047836804b0c with answer
"is name"
2022-09-28 15:07:51	ℹ Pool describe_relations is now 70% complete ...
2022-09-28 15:08:07	ℹ Pool describe_relations is now 70% complete ...
2022-09-28 15:08:24	✔ Accepted assignment 00021fb347--6334390f9b648a109ccfc3ef with answer
"is name"
2022-09-28 15:08:25	✔ Accepted assignment 00021fb347--633439085cc14777c51bec19 with answer
"describes"
2022-09-28 15:08:25	ℹ Pool describe_relations is now 72% complete ...
2022-09-28 15:08:45	ℹ Pool describe_relations is now 73% complete ...
2022-09-28 15:09:02	⚠ Rejected assignment 00021fb347--6334392e2ed502679f2ad70d with answer
"name of"
2022-09-28 15:09:02	ℹ Pool describe_relations is now 73% complete ...
2022-09-28 15:09:23	ℹ Pool describe_relations is now 74% complete ...
2022-09-28 15:09:40	⚠ Rejected assignment 00021fb347--6334393fe5b896667b0e6941 with answer
"des"
2022-09-28 15:09:42	⚠ Rejected assignment 00021fb347--63343968fa8f757544a3c462 with answer
"name of"
2022-09-28 15:09:43	✔ Accepted assignment 00021fb347--63343977a7e1744f938c04bf with answer
"describe"
2022-09-28 15:09:43	ℹ Pool describe_relations is now 77% complete ...
2022-09-28 15:10:00	ℹ Pool describe_relations is now 76% complete ...
2022-09-28 15:10:18	✔ Accepted assignment 00021fb347--63343980581e654d4b52d00f with answer
"describe"
2022-09-28 15:10:19	⚠ Rejected assignment 00021fb347--63343992459ec858831df871 with answer
"name of"
2022-09-28 15:10:19	ℹ Pool describe_relations is now 77% complete ...
2022-09-28 15:10:35	ℹ Pool describe_relations is now 78% complete ...
2022-09-28 15:10:52	✔ Accepted assignment 00021fb347--6334399db2aa4922e6cb0b6e with answer
"describe"
2022-09-28 15:10:52	ℹ Pool describe_relations is now 78% complete ...
2022-09-28 15:11:09	ℹ Pool describe_relations is now 78% complete ...
2022-09-28 15:11:32	ℹ Pool describe_relations is now 78% complete ...
2022-09-28 15:11:51	ℹ Pool describe_relations is now 79% complete ...
2022-09-28 15:12:08	✔ Accepted assignment 00021fb347--633439ace1a6bb07914cdb63 with answer
"describe"
2022-09-28 15:12:09	✔ Accepted assignment 00021fb347--63343a05b632da550262d147 with answer
"describe"
2022-09-28 15:12:11	ℹ Pool describe_relations is now 81% complete ...
2022-09-28 15:12:27	ℹ Pool describe_relations is now 84% complete ...
2022-09-28 15:12:44	✔ Accepted assignment 00021fb347--63343a0d9b648a109ccfcde6 with answer
"describe"
2022-09-28 15:12:45	✔ Accepted assignment 00021fb347--633439f7a77c017ea91b9b65 with answer
"A is name b"
2022-09-28 15:12:46	✔ Accepted assignment 00021fb347--63343a2adad3881c62800e7f with answer
"describe"
2022-09-28 15:12:46	ℹ Pool describe_relations is now 85% complete ...
2022-09-28 15:13:04	ℹ Pool describe_relations is now 85% complete ...
2022-09-28 15:13:21	✔ Accepted assignment 00021fb347--63343a373337e06be0278c14 with answer
"describe"
2022-09-28 15:13:22	ℹ Pool describe_relations is now 86% complete ...
2022-09-28 15:13:42	ℹ Pool describe_relations is now 86% complete ...
2022-09-28 15:14:01	ℹ Pool describe_relations is now 86% complete ...
2022-09-28 15:14:21	ℹ Pool describe_relations is now 86% complete ...
2022-09-28 15:14:37	ℹ Pool describe_relations is now 86% complete ...
2022-09-28 15:14:58	ℹ Pool describe_relations is now 86% complete ...
2022-09-28 15:15:15	ℹ Pool describe_relations is now 86% complete ...
2022-09-28 15:15:36	ℹ Pool describe_relations is now 86% complete ...
2022-09-28 15:15:55	ℹ Pool describe_relations is now 86% complete ...
2022-09-28 15:16:14	ℹ Pool describe_relations is now 86% complete ...
2022-09-28 15:16:31	ℹ Pool describe_relations is now 86% complete ...
2022-09-28 15:16:49	ℹ Pool describe_relations is now 86% complete ...
2022-09-28 15:17:06	ℹ Pool describe_relations is now 86% complete ...
2022-09-28 15:17:24	ℹ Pool describe_relations is now 86% complete ...
2022-09-28 15:17:43	ℹ Pool describe_relations is now 86% complete ...
2022-09-28 15:17:59	ℹ Pool describe_relations is now 86% complete ...
2022-09-28 15:18:15	ℹ Pool describe_relations is now 86% complete ...
2022-09-28 15:18:34	ℹ Pool describe_relations is now 86% complete ...
2022-09-28 15:18:52	ℹ Pool describe_relations is now 86% complete ...
2022-09-28 15:19:10	ℹ Pool describe_relations is now 86% complete ...
2022-09-28 15:19:26	ℹ Pool describe_relations is now 86% complete ...
2022-09-28 15:19:46	ℹ Pool describe_relations is now 86% complete ...
2022-09-28 15:20:04	ℹ Pool describe_relations is now 86% complete ...
2022-09-28 15:20:19	ℹ Opened pool with ID 35631940
2022-09-28 15:20:23	ℹ Pool describe_relations is now 86% complete ...
2022-09-28 15:20:41	ℹ Pool describe_relations is now 86% complete ...
2022-09-28 15:20:58	ℹ Pool describe_relations is now 86% complete ...
2022-09-28 15:21:15	ℹ Pool describe_relations is now 86% complete ...
2022-09-28 15:21:35	ℹ Pool describe_relations is now 86% complete ...
2022-09-28 15:21:52	ℹ Pool describe_relations is now 86% complete ...
2022-09-28 15:22:09	ℹ Pool describe_relations is now 86% complete ...
2022-09-28 15:22:26	ℹ Pool describe_relations is now 86% complete ...
2022-09-28 15:22:43	ℹ Pool describe_relations is now 86% complete ...
2022-09-28 15:23:00	ℹ Pool describe_relations is now 86% complete ...
2022-09-28 15:23:20	ℹ Pool describe_relations is now 88% complete ...
2022-09-28 15:23:37	✔ Accepted assignment 00021fb347--63343a26a7e1744f938c11e8 with answer
"A is name B"
2022-09-28 15:23:37	ℹ Pool describe_relations is now 88% complete ...
2022-09-28 15:23:54	ℹ Pool describe_relations is now 89% complete ...
2022-09-28 15:24:11	⚠ Rejected assignment 00021fb347--63343c87782c7e2eb55c3a16 with answer
" A describes B"
2022-09-28 15:24:16	ℹ Pool describe_relations is now 88% complete ...
2022-09-28 15:24:34	ℹ Pool describe_relations is now 91% complete ...
2022-09-28 15:24:51	✔ Accepted assignment 00021fb347--63343ccf5b9b04783680846b with answer
"A is name B"
2022-09-28 15:24:52	✔ Accepted assignment 00021fb347--63343cf5e8b23d359b547e9d with answer
"A is name B"
2022-09-28 15:24:54	✔ Accepted assignment 00021fb347--63343d014f7d2c5e9d20dad8 with answer
"A is name B"
2022-09-28 15:24:54	ℹ Pool describe_relations is now 92% complete ...
2022-09-28 15:25:14	ℹ Pool describe_relations is now 95% complete ...
2022-09-28 15:25:31	✔ Accepted assignment 00021fb347--63343cd5fa8f757544a3ecba with answer
"A describes B"
2022-09-28 15:25:32	✔ Accepted assignment 00021fb347--63343d0b8c48cc5728dd5c7c with answer
"A is number B"
2022-09-28 15:25:32	ℹ Pool describe_relations is now 97% complete ...
2022-09-28 15:25:54	ℹ Pool describe_relations is now 97% complete ...
2022-09-28 15:26:12	✔ Accepted assignment 00021fb347--63343d32308d1b21fbac78e4 with answer
"A is name B"
2022-09-28 15:26:13	✔ Accepted assignment 00021fb347--63343d2ffe88c4251520f43a with answer
"describes"
2022-09-28 15:26:13	ℹ Pool describe_relations is now 98% complete ...
2022-09-28 15:26:35	ℹ Pool describe_relations is now 98% complete ...
2022-09-28 15:26:51	ℹ Pool describe_relations is now 98% complete ...
2022-09-28 15:27:06	ℹ Closed pool with ID 35631940
2022-09-28 15:30:10	ℹ Pool describe_relations is now 98% complete ...
2022-09-28 15:30:28	ℹ Pool describe_relations is now 98% complete ...
2022-09-28 15:30:46	ℹ Pool describe_relations is now 98% complete ...
2022-09-28 15:31:03	ℹ Pool describe_relations is now 98% complete ...
2022-09-28 15:31:19	ℹ Pool describe_relations is now 98% complete ...
2022-09-28 15:31:36	ℹ Pool describe_relations is now 98% complete ...
2022-09-28 15:31:52	ℹ Pool describe_relations is now 98% complete ...
2022-09-28 15:32:10	ℹ Pool describe_relations is now 98% complete ...
2022-09-28 15:32:30	ℹ Pool describe_relations is now 98% complete ...
2022-09-28 15:32:47	ℹ Pool describe_relations is now 98% complete ...
2022-09-28 15:33:04	ℹ Pool describe_relations is now 98% complete ...
2022-09-28 15:33:22	ℹ Pool describe_relations is now 98% complete ...
2022-09-28 15:33:39	ℹ Pool describe_relations is now 98% complete ...
2022-09-28 15:33:56	ℹ Pool describe_relations is now 98% complete ...
2022-09-28 15:34:14	ℹ Pool describe_relations is now 98% complete ...
2022-09-28 15:34:31	ℹ Pool describe_relations is now 98% complete ...
2022-09-28 15:34:48	ℹ Pool describe_relations is now 98% complete ...
2022-09-28 15:35:04	ℹ Pool describe_relations is now 98% complete ...
2022-09-28 15:35:21	ℹ Pool describe_relations is now 98% complete ...
2022-09-28 15:35:42	ℹ Pool describe_relations is now 98% complete ...
2022-09-28 15:35:58	ℹ Pool describe_relations is now 98% complete ...
2022-09-28 15:36:15	ℹ Pool describe_relations is now 98% complete ...
2022-09-28 15:36:33	ℹ Pool describe_relations is now 98% complete ...
2022-09-28 15:36:49	ℹ Pool describe_relations is now 98% complete ...
2022-09-28 15:37:07	ℹ Pool describe_relations is now 98% complete ...
2022-09-28 15:37:29	ℹ Pool describe_relations is now 98% complete ...
2022-09-28 15:37:55	ℹ Pool describe_relations is now 98% complete ...
2022-09-28 15:38:12	ℹ Pool describe_relations is now 98% complete ...
2022-09-28 15:38:30	ℹ Pool describe_relations is now 98% complete ...
2022-09-28 15:38:48	ℹ Pool describe_relations is now 98% complete ...
2022-09-28 15:39:06	ℹ Pool describe_relations is now 98% complete ...
2022-09-28 15:39:32	ℹ Pool describe_relations is now 98% complete ...
2022-09-28 15:39:50	ℹ Pool describe_relations is now 98% complete ...
2022-09-28 15:40:07	ℹ Pool describe_relations is now 98% complete ...
2022-09-28 15:40:28	ℹ Pool describe_relations is now 98% complete ...
2022-09-28 15:40:45	ℹ Pool describe_relations is now 98% complete ...
2022-09-28 15:41:03	ℹ Pool describe_relations is now 98% complete ...
2022-09-28 15:44:21	ℹ Pool describe_relations is now 98% complete ...
2022-09-28 15:44:38	ℹ Pool describe_relations is now 98% complete ...
2022-09-28 15:44:53	ℹ Closed pool with ID 35631943
2022-09-28 15:44:55	ℹ Pool describe_relations is now 98% complete ...
2022-09-28 15:45:14	ℹ Pool describe_relations is now 98% complete ...
2022-09-28 15:46:31	✔ Successfully completed the task sequence
