(crowdsrc_env) helmiina:~/crowdsrc-rst-structures/pipeline_4 $ python3 run_pipeline.py 
2023-01-20 11:32:33	✔ Successfully loaded configuration from
config/relation_annotation_exam.yaml
2023-01-20 11:32:33	ℹ The unique ID for this object (relation_annotation_exam) is
221A7C60
2023-01-20 11:32:34	ℹ Using Toloka with requester with ID
27f3ba5b49b4576123ef0e99455a6f30
2023-01-20 11:32:34	ℹ Current balance on this account is $1633.4830
2023-01-20 11:32:34	ℹ Creating a new Toloka project ...
2023-01-20 11:32:35	✔ Successfully created a new project with ID 129861 on Toloka
2023-01-20 11:32:35	✔ Successfully configured a new training pool
2023-01-20 11:32:35	✔ Successfully created a new training pool
2023-01-20 11:32:35	ℹ Loading data from data/bbox_pairs_10_training.tsv
2023-01-20 11:32:35	✔ Successfully loaded 10 rows of data from
data/bbox_pairs_10_training.tsv
2023-01-20 11:32:39	✔ Successfully added 10 tasks to pool with ID 37371525
2023-01-20 11:32:39	✔ Successfully configured a new main pool
2023-01-20 11:32:39	ℹ Setting up skill
2023-01-20 11:32:39	✔ Successfully loaded skill with ID 54660 from Toloka
2023-01-20 11:32:39	ℹ Setting up quality control rules
2023-01-20 11:32:39	✔ Added quality control rule: ban for 3 days if user's CAPTCHA success
rate is less than 80%. CAPTCHA frequency is set to MEDIUM.
2023-01-20 11:32:39	✔ Successfully configured exam pool using skill 54660
2023-01-20 11:32:41	✔ Successfully created a new pool with ID 37371528 on Toloka
2023-01-20 11:32:41	ℹ Creating and adding exam tasks to pool with ID 37371528
2023-01-20 11:32:41	ℹ Loading data from data/bbox_pairs_10_exam.tsv
2023-01-20 11:32:41	✔ Successfully loaded 10 rows of data from
data/bbox_pairs_10_exam.tsv
2023-01-20 11:32:46	✔ Successfully added 10 tasks to pool with ID 37371528
2023-01-20 11:32:46	✔ Successfully loaded configuration from
config/relation_annotation.yaml
2023-01-20 11:32:46	ℹ The unique ID for this object (describe_relations) is 5A5165E8
2023-01-20 11:32:46	ℹ Using Toloka with requester with ID
27f3ba5b49b4576123ef0e99455a6f30
2023-01-20 11:32:46	ℹ Current balance on this account is $1633.4830
2023-01-20 11:32:46	ℹ Creating a new Toloka project ...
2023-01-20 11:32:47	✔ Successfully created a new project with ID 129862 on Toloka
2023-01-20 11:32:47	✔ Successfully configured a new main pool
2023-01-20 11:32:47	ℹ Setting up filters
2023-01-20 11:32:47	✔ Finished adding filters to the pool
2023-01-20 11:32:47	ℹ Setting up quality control rules
2023-01-20 11:32:47	✔ Added quality control rule: ban for 7 days if response time is less
than 8 seconds for 2 out of 5 tasks
2023-01-20 11:32:47	✔ Added quality control rule: ban for 7 days if user's CAPTCHA success
rate is less than 80%. CAPTCHA frequency is set to MEDIUM.
2023-01-20 11:32:47	✔ Successfully created a new pool with ID 37371530 on Toloka
2023-01-20 11:32:47	ℹ Loading data from data/bbox_pairs_random_100.tsv
2023-01-20 11:32:47	✔ Successfully loaded 100 rows of data from
data/bbox_pairs_random_100.tsv
2023-01-20 11:32:47	ℹ Creating and adding tasks to pool with ID 37371530
2023-01-20 11:32:56	✔ Successfully added 100 tasks to pool with ID 37371530
2023-01-20 11:32:56	✔ Successfully loaded configuration from config/aggregate.yaml
2023-01-20 11:32:56	ℹ Creating a task sequence
2023-01-20 11:32:56	ℹ Printing tasks, inputs and outputs

Name                       Input         Output         Pool ID    Project ID   Pool type
------------------------   -----------   ------------   --------   ----------   ---------
relation_annotation_exam   image (url)   result (str)   37371525   129861       Training 
relation_annotation_exam   image (url)   result (str)   37371528   129861       Exam     
describe_relations         image (url)   result (str)   37371530   129862       Pool     
aggregate_relations        --            --             --         --           Action   

2023-01-20 11:32:56	ℹ Registered an assignments observer for task describe_relations
(37371530)
2023-01-20 11:32:56	ℹ Registered a pool status observer for task relation_annotation_exam
(37371528)
2023-01-20 11:32:56	ℹ Results from describe_relations will be aggregated with
aggregate_relations
2023-01-20 11:32:56	ℹ Registered a pool status observer for task describe_relations
(37371530)
2023-01-20 11:32:56	ℹ Registered a pool analytics observer for task
relation_annotation_exam (37371528)
2023-01-20 11:32:56	ℹ Rejected tasks from pool describe_relations will be re-added to the
pool
2023-01-20 11:32:56	ℹ Starting the task sequence
2023-01-20 11:33:00	ℹ Opened pool with ID 37371530
2023-01-20 11:33:00	ℹ Opened pool with ID 37371528
2023-01-20 11:33:05	ℹ Pool describe_relations is now 0% complete ...
2023-01-20 11:33:23	ℹ Pool describe_relations is now 0% complete ...
2023-01-20 11:33:38	ℹ 0 workers submitted to pool 37371528
2023-01-20 11:33:42	ℹ Pool describe_relations is now 0% complete ...
2023-01-20 11:34:00	ℹ Pool describe_relations is now 0% complete ...
2023-01-20 11:34:19	ℹ Pool describe_relations is now 0% complete ...
2023-01-20 11:34:37	ℹ Pool describe_relations is now 0% complete ...
2023-01-20 11:34:55	ℹ Pool describe_relations is now 0% complete ...
2023-01-20 11:35:12	ℹ Pool describe_relations is now 0% complete ...
2023-01-20 11:35:30	ℹ Pool describe_relations is now 0% complete ...
2023-01-20 11:35:48	ℹ Pool describe_relations is now 0% complete ...
2023-01-20 11:36:03	ℹ 1 workers submitted to pool 37371528
2023-01-20 11:36:06	ℹ Pool describe_relations is now 0% complete ...
2023-01-20 11:36:24	ℹ Pool describe_relations is now 0% complete ...
2023-01-20 11:36:43	ℹ Pool describe_relations is now 0% complete ...
2023-01-20 11:37:01	ℹ Pool describe_relations is now 0% complete ...
2023-01-20 11:37:16	ℹ 3 workers submitted to pool 37371528
2023-01-20 11:37:20	ℹ Pool describe_relations is now 1% complete ...
2023-01-20 11:37:41	ℹ Pool describe_relations is now 2% complete ...
2023-01-20 11:37:57	ℹ 8 workers submitted to pool 37371528
2023-01-20 11:38:00	ℹ Pool describe_relations is now 2% complete ...
2023-01-20 11:38:18	ℹ Pool describe_relations is now 5% complete ...
2023-01-20 11:38:33	ℹ 13 workers submitted to pool 37371528
2023-01-20 11:38:36	ℹ Pool describe_relations is now 5% complete ...
2023-01-20 11:38:53	ℹ Pool describe_relations is now 8% complete ...
2023-01-20 11:39:08	ℹ 18 workers submitted to pool 37371528
2023-01-20 11:39:12	ℹ Pool describe_relations is now 9% complete ...
2023-01-20 11:39:29	ℹ Pool describe_relations is now 12% complete ...
2023-01-20 11:39:45	⚠ Maximum number of performers (20) reached for pool 37371528; closing
pool ...
2023-01-20 11:39:45	✔ Successfully closed pool 37371528
2023-01-20 11:39:46	✔ Successfully closed training pool 37371525
2023-01-20 11:39:48	ℹ Pool describe_relations is now 13% complete ...
2023-01-20 11:40:05	ℹ Pool describe_relations is now 14% complete ...
2023-01-20 11:40:21	ℹ Closed pool with ID 37371528
2023-01-20 11:40:23	ℹ Pool describe_relations is now 18% complete ...
2023-01-20 11:40:43	ℹ Pool describe_relations is now 20% complete ...
2023-01-20 11:41:02	ℹ Pool describe_relations is now 22% complete ...
2023-01-20 11:41:20	ℹ Pool describe_relations is now 24% complete ...
2023-01-20 11:41:38	ℹ Pool describe_relations is now 26% complete ...
2023-01-20 11:41:55	ℹ Pool describe_relations is now 28% complete ...
2023-01-20 11:42:12	ℹ Pool describe_relations is now 30% complete ...
2023-01-20 11:42:31	ℹ Pool describe_relations is now 32% complete ...
2023-01-20 11:42:51	ℹ Pool describe_relations is now 36% complete ...
2023-01-20 11:43:09	ℹ Pool describe_relations is now 37% complete ...
2023-01-20 11:43:32	ℹ Pool describe_relations is now 41% complete ...
2023-01-20 11:43:50	ℹ Pool describe_relations is now 45% complete ...
2023-01-20 11:44:08	ℹ Pool describe_relations is now 48% complete ...
2023-01-20 11:44:27	ℹ Pool describe_relations is now 50% complete ...
2023-01-20 11:44:46	ℹ Pool describe_relations is now 53% complete ...
2023-01-20 11:45:03	ℹ Pool describe_relations is now 56% complete ...
2023-01-20 11:45:21	ℹ Pool describe_relations is now 60% complete ...
2023-01-20 11:45:38	ℹ Pool describe_relations is now 62% complete ...
2023-01-20 11:45:56	ℹ Pool describe_relations is now 65% complete ...
2023-01-20 11:46:14	ℹ Pool describe_relations is now 66% complete ...
2023-01-20 11:46:33	ℹ Pool describe_relations is now 70% complete ...
2023-01-20 11:46:53	ℹ Pool describe_relations is now 73% complete ...
2023-01-20 11:47:10	ℹ Pool describe_relations is now 77% complete ...
2023-01-20 11:47:26	ℹ Pool describe_relations is now 80% complete ...
2023-01-20 11:47:45	ℹ Pool describe_relations is now 84% complete ...
2023-01-20 11:48:01	ℹ Pool describe_relations is now 85% complete ...
2023-01-20 11:48:21	ℹ Pool describe_relations is now 88% complete ...
2023-01-20 11:48:39	ℹ Pool describe_relations is now 89% complete ...
2023-01-20 11:48:56	ℹ Pool describe_relations is now 90% complete ...
2023-01-20 11:49:14	ℹ Pool describe_relations is now 93% complete ...
2023-01-20 11:49:32	ℹ Pool describe_relations is now 93% complete ...
2023-01-20 11:49:50	ℹ Pool describe_relations is now 94% complete ...
2023-01-20 11:50:07	ℹ Pool describe_relations is now 96% complete ...
2023-01-20 11:50:25	ℹ Pool describe_relations is now 96% complete ...
2023-01-20 11:50:43	ℹ Pool describe_relations is now 98% complete ...
2023-01-20 11:51:00	ℹ Pool describe_relations is now 100% complete ...
2023-01-20 11:51:18	ℹ Pool describe_relations is now 100% complete ...
2023-01-20 11:51:35	ℹ Pool describe_relations is now 100% complete ...
2023-01-20 11:51:53	ℹ Pool describe_relations is now 100% complete ...
2023-01-20 11:52:11	ℹ Pool describe_relations is now 100% complete ...
2023-01-20 11:52:30	ℹ Pool describe_relations is now 100% complete ...
2023-01-20 11:52:48	ℹ Pool describe_relations is now 100% complete ...
2023-01-20 11:53:06	ℹ Pool describe_relations is now 100% complete ...
2023-01-20 11:53:24	ℹ Pool describe_relations is now 100% complete ...
2023-01-20 11:53:42	ℹ Pool describe_relations is now 100% complete ...
2023-01-20 11:54:00	ℹ Pool describe_relations is now 100% complete ...
2023-01-20 11:54:17	ℹ Pool describe_relations is now 100% complete ...
2023-01-20 11:54:37	ℹ Pool describe_relations is now 100% complete ...
2023-01-20 11:54:55	ℹ Pool describe_relations is now 100% complete ...
2023-01-20 11:55:16	ℹ Pool describe_relations is now 100% complete ...
2023-01-20 11:55:35	ℹ Pool describe_relations is now 100% complete ...
2023-01-20 11:55:54	ℹ Pool describe_relations is now 100% complete ...
2023-01-20 11:56:16	ℹ Pool describe_relations is now 100% complete ...
2023-01-20 11:56:34	ℹ Pool describe_relations is now 100% complete ...
2023-01-20 11:56:51	ℹ Pool describe_relations is now 100% complete ...
2023-01-20 11:57:09	ℹ Pool describe_relations is now 100% complete ...
2023-01-20 11:57:27	ℹ Pool describe_relations is now 100% complete ...
2023-01-20 11:57:46	ℹ Pool describe_relations is now 100% complete ...
2023-01-20 11:58:04	ℹ Pool describe_relations is now 100% complete ...
2023-01-20 11:58:23	ℹ Pool describe_relations is now 100% complete ...
2023-01-20 11:58:38	ℹ Closed pool with ID 37371530
2023-01-20 11:58:39	✔ Saved aggregated results to file
aggregate_relations_results_20-01-23.tsv.
2023-01-20 11:58:39	✔ Finished aggregating 100 submitted tasks from describe_relations
2023-01-20 11:58:40	ℹ Pool describe_relations is now 100% complete ...
2023-01-20 11:58:57	ℹ Pool describe_relations is now 100% complete ...
2023-01-20 12:00:16	✔ Successfully completed the task sequence
