(crowdsrc_env) helmiina:~/crowdsrc-rst-structures/pipeline_4 $ python3 run_pipeline.py 
2023-01-13 14:53:31	✔ Successfully loaded configuration from
config/relation_annotation_exam.yaml
2023-01-13 14:53:31	ℹ The unique ID for this object (relation_annotation_exam) is
3722288D
2023-01-13 14:53:31	ℹ Using Toloka with requester with ID
27f3ba5b49b4576123ef0e99455a6f30
2023-01-13 14:53:31	ℹ Current balance on this account is $1691.6830
2023-01-13 14:53:31	ℹ Creating a new Toloka project ...
2023-01-13 14:53:32	✔ Successfully created a new project with ID 128921 on Toloka
2023-01-13 14:53:32	✔ Successfully configured a new training pool
2023-01-13 14:53:32	✔ Successfully created a new training pool
2023-01-13 14:53:32	ℹ Loading data from data/bbox_pairs_10_training.tsv
2023-01-13 14:53:32	✔ Successfully loaded 10 rows of data from
data/bbox_pairs_10_training.tsv
2023-01-13 14:53:36	✔ Successfully added 10 tasks to pool with ID 37272380
2023-01-13 14:53:36	✔ Successfully configured a new main pool
2023-01-13 14:53:36	ℹ Setting up skill
2023-01-13 14:53:36	✔ Successfully loaded skill with ID 54660 from Toloka
2023-01-13 14:53:36	ℹ Setting up quality control rules
2023-01-13 14:53:36	✔ Added quality control rule: ban for 3 days if user's CAPTCHA success
rate is less than 80%. CAPTCHA frequency is set to MEDIUM.
2023-01-13 14:53:36	✔ Successfully configured exam pool using skill 54660
2023-01-13 14:53:37	✔ Successfully created a new pool with ID 37272381 on Toloka
2023-01-13 14:53:37	ℹ Creating and adding exam tasks to pool with ID 37272381
2023-01-13 14:53:37	ℹ Loading data from data/bbox_pairs_10_exam.tsv
2023-01-13 14:53:37	✔ Successfully loaded 10 rows of data from
data/bbox_pairs_10_exam.tsv
2023-01-13 14:53:41	✔ Successfully added 10 tasks to pool with ID 37272381
2023-01-13 14:53:41	✔ Successfully loaded configuration from
config/relation_annotation.yaml
2023-01-13 14:53:41	ℹ The unique ID for this object (describe_relations) is 331D9762
2023-01-13 14:53:41	ℹ Using Toloka with requester with ID
27f3ba5b49b4576123ef0e99455a6f30
2023-01-13 14:53:41	ℹ Current balance on this account is $1691.6830
2023-01-13 14:53:41	ℹ Creating a new Toloka project ...
2023-01-13 14:53:41	✔ Successfully created a new project with ID 128922 on Toloka
2023-01-13 14:53:41	✔ Successfully configured a new main pool
2023-01-13 14:53:41	ℹ Setting up filters
2023-01-13 14:53:41	✔ Finished adding filters to the pool
2023-01-13 14:53:41	ℹ Setting up quality control rules
2023-01-13 14:53:41	✔ Added quality control rule: ban for 7 days if response time is less
than 8 seconds for 2 out of 5 tasks
2023-01-13 14:53:41	✔ Added quality control rule: ban for 7 days if user's CAPTCHA success
rate is less than 80%. CAPTCHA frequency is set to MEDIUM.
2023-01-13 14:53:42	✔ Successfully created a new pool with ID 37272383 on Toloka
2023-01-13 14:53:42	ℹ Loading data from data/bbox_pairs_final_94.tsv
2023-01-13 14:53:42	✔ Successfully loaded 94 rows of data from
data/bbox_pairs_final_94.tsv
2023-01-13 14:53:42	ℹ Creating and adding tasks to pool with ID 37272383
2023-01-13 14:53:49	✔ Successfully added 94 tasks to pool with ID 37272383
2023-01-13 14:53:49	✔ Successfully loaded configuration from config/aggregate.yaml
2023-01-13 14:53:49	ℹ Creating a task sequence
2023-01-13 14:53:49	ℹ Printing tasks, inputs and outputs

Name                       Input         Output         Pool ID    Project ID   Pool type
------------------------   -----------   ------------   --------   ----------   ---------
relation_annotation_exam   image (url)   result (str)   37272380   128921       Training 
relation_annotation_exam   image (url)   result (str)   37272381   128921       Exam     
describe_relations         image (url)   result (str)   37272383   128922       Pool     
aggregate_relations        --            --             --         --           Action   

2023-01-13 14:53:49	ℹ Registered an assignments observer for task describe_relations
(37272383)
2023-01-13 14:53:49	ℹ Registered a pool status observer for task relation_annotation_exam
(37272381)
2023-01-13 14:53:49	ℹ Results from describe_relations will be aggregated with
aggregate_relations
2023-01-13 14:53:49	ℹ Registered a pool status observer for task describe_relations
(37272383)
2023-01-13 14:53:49	ℹ Registered a pool analytics observer for task
relation_annotation_exam (37272381)
2023-01-13 14:53:50	ℹ Rejected tasks from pool describe_relations will be re-added to the
pool
2023-01-13 14:53:50	ℹ Starting the task sequence
2023-01-13 14:53:52	ℹ Opened pool with ID 37272383
2023-01-13 14:53:52	ℹ Opened pool with ID 37272381
2023-01-13 14:53:56	ℹ Pool describe_relations is now 0% complete ...
2023-01-13 14:54:14	ℹ Pool describe_relations is now 0% complete ...
2023-01-13 14:54:29	ℹ 0 workers submitted to pool 37272381
2023-01-13 14:54:31	ℹ Pool describe_relations is now 0% complete ...
2023-01-13 14:54:49	ℹ Pool describe_relations is now 0% complete ...
2023-01-13 14:55:08	ℹ Pool describe_relations is now 0% complete ...
2023-01-13 14:55:25	ℹ Pool describe_relations is now 0% complete ...
2023-01-13 14:55:45	ℹ Pool describe_relations is now 0% complete ...
2023-01-13 14:56:02	ℹ Pool describe_relations is now 0% complete ...
2023-01-13 14:56:20	ℹ Pool describe_relations is now 0% complete ...
2023-01-13 14:56:37	ℹ Pool describe_relations is now 0% complete ...
2023-01-13 14:56:54	ℹ Pool describe_relations is now 0% complete ...
2023-01-13 14:57:12	ℹ Pool describe_relations is now 0% complete ...
2023-01-13 14:57:28	ℹ 1 workers submitted to pool 37272381
2023-01-13 14:57:29	ℹ Pool describe_relations is now 0% complete ...
2023-01-13 14:57:48	ℹ Pool describe_relations is now 0% complete ...
2023-01-13 14:58:08	ℹ Pool describe_relations is now 0% complete ...
2023-01-13 14:58:25	ℹ Pool describe_relations is now 0% complete ...
2023-01-13 14:58:41	ℹ 3 workers submitted to pool 37272381
2023-01-13 14:58:42	ℹ Pool describe_relations is now 0% complete ...
2023-01-13 14:59:00	ℹ Pool describe_relations is now 0% complete ...
2023-01-13 14:59:15	ℹ 5 workers submitted to pool 37272381
2023-01-13 14:59:17	ℹ Pool describe_relations is now 0% complete ...
2023-01-13 14:59:35	ℹ Pool describe_relations is now 0% complete ...
2023-01-13 14:59:51	ℹ 10 workers submitted to pool 37272381
2023-01-13 14:59:51	ℹ Pool describe_relations is now 0% complete ...
2023-01-13 15:00:08	ℹ Pool describe_relations is now 0% complete ...
2023-01-13 15:00:24	⚠ Maximum number of performers (15) reached for pool 37272381; closing
pool ...
2023-01-13 15:00:24	✔ Successfully closed pool 37272381
2023-01-13 15:00:25	ℹ Pool describe_relations is now 0% complete ...
2023-01-13 15:00:40	✔ Successfully closed training pool 37272380
2023-01-13 15:00:42	ℹ Pool describe_relations is now 0% complete ...
2023-01-13 15:00:58	ℹ Closed pool with ID 37272381
2023-01-13 15:01:00	ℹ Pool describe_relations is now 0% complete ...
2023-01-13 15:01:19	ℹ Pool describe_relations is now 0% complete ...
2023-01-13 15:01:37	ℹ Pool describe_relations is now 0% complete ...
2023-01-13 15:01:53	ℹ Pool describe_relations is now 0% complete ...
2023-01-13 15:02:10	ℹ Pool describe_relations is now 0% complete ...
2023-01-13 15:02:28	ℹ Pool describe_relations is now 0% complete ...
2023-01-13 15:02:44	ℹ Pool describe_relations is now 0% complete ...
2023-01-13 15:03:01	ℹ Pool describe_relations is now 1% complete ...
2023-01-13 15:03:16	ℹ Opened pool with ID 37272381
2023-01-13 15:03:20	ℹ Pool describe_relations is now 1% complete ...
2023-01-13 15:03:37	ℹ Pool describe_relations is now 1% complete ...
2023-01-13 15:03:54	ℹ Pool describe_relations is now 1% complete ...
2023-01-13 15:04:24	ℹ Pool describe_relations is now 1% complete ...
2023-01-13 15:04:40	ℹ Pool describe_relations is now 1% complete ...
2023-01-13 15:04:58	ℹ Pool describe_relations is now 1% complete ...
2023-01-13 15:05:16	ℹ Pool describe_relations is now 1% complete ...
2023-01-13 15:05:34	ℹ Pool describe_relations is now 1% complete ...
2023-01-13 15:05:50	ℹ Pool describe_relations is now 1% complete ...
2023-01-13 15:06:07	ℹ Pool describe_relations is now 1% complete ...
2023-01-13 15:06:23	ℹ Pool describe_relations is now 1% complete ...
2023-01-13 15:06:41	ℹ Pool describe_relations is now 1% complete ...
2023-01-13 15:06:58	ℹ Pool describe_relations is now 1% complete ...
2023-01-13 15:07:15	ℹ Pool describe_relations is now 1% complete ...
2023-01-13 15:07:33	ℹ Pool describe_relations is now 1% complete ...
2023-01-13 15:07:51	ℹ Pool describe_relations is now 1% complete ...
2023-01-13 15:08:09	ℹ Pool describe_relations is now 1% complete ...
2023-01-13 15:08:25	ℹ Pool describe_relations is now 1% complete ...
2023-01-13 15:08:43	ℹ Pool describe_relations is now 1% complete ...
2023-01-13 15:09:01	ℹ Pool describe_relations is now 2% complete ...
2023-01-13 15:09:20	ℹ Pool describe_relations is now 2% complete ...
2023-01-13 15:09:36	ℹ Pool describe_relations is now 4% complete ...
2023-01-13 15:09:52	ℹ Pool describe_relations is now 4% complete ...
2023-01-13 15:10:10	ℹ Pool describe_relations is now 4% complete ...
2023-01-13 15:10:27	ℹ Pool describe_relations is now 5% complete ...
2023-01-13 15:10:44	ℹ Pool describe_relations is now 5% complete ...
2023-01-13 15:11:02	ℹ Pool describe_relations is now 7% complete ...
2023-01-13 15:11:18	ℹ Pool describe_relations is now 8% complete ...
2023-01-13 15:11:36	ℹ Pool describe_relations is now 8% complete ...
2023-01-13 15:11:54	ℹ Pool describe_relations is now 9% complete ...
2023-01-13 15:12:10	ℹ Pool describe_relations is now 9% complete ...
2023-01-13 15:12:27	ℹ Pool describe_relations is now 11% complete ...
2023-01-13 15:12:45	ℹ Pool describe_relations is now 11% complete ...
2023-01-13 15:13:02	ℹ Pool describe_relations is now 12% complete ...
2023-01-13 15:13:19	ℹ Pool describe_relations is now 12% complete ...
2023-01-13 15:13:36	ℹ Pool describe_relations is now 12% complete ...
2023-01-13 15:13:54	ℹ Pool describe_relations is now 14% complete ...
2023-01-13 15:14:12	ℹ Pool describe_relations is now 15% complete ...
2023-01-13 15:14:28	ℹ Pool describe_relations is now 16% complete ...
2023-01-13 15:14:46	ℹ Pool describe_relations is now 16% complete ...
2023-01-13 15:15:04	ℹ Pool describe_relations is now 16% complete ...
2023-01-13 15:15:22	ℹ Pool describe_relations is now 16% complete ...
2023-01-13 15:15:40	ℹ Pool describe_relations is now 18% complete ...
2023-01-13 15:15:57	ℹ Pool describe_relations is now 18% complete ...
2023-01-13 15:16:15	ℹ Pool describe_relations is now 19% complete ...
2023-01-13 15:16:32	ℹ Pool describe_relations is now 19% complete ...
2023-01-13 15:16:49	ℹ Pool describe_relations is now 21% complete ...
2023-01-13 15:17:06	ℹ Pool describe_relations is now 21% complete ...
2023-01-13 15:17:24	ℹ Pool describe_relations is now 23% complete ...
2023-01-13 15:17:41	ℹ Pool describe_relations is now 23% complete ...
2023-01-13 15:18:00	ℹ Pool describe_relations is now 23% complete ...
2023-01-13 15:18:17	ℹ Pool describe_relations is now 23% complete ...
2023-01-13 15:18:33	ℹ Pool describe_relations is now 25% complete ...
2023-01-13 15:18:50	ℹ Pool describe_relations is now 25% complete ...
2023-01-13 15:19:10	ℹ Pool describe_relations is now 25% complete ...
2023-01-13 15:19:28	ℹ Pool describe_relations is now 26% complete ...
2023-01-13 15:19:45	ℹ Pool describe_relations is now 26% complete ...
2023-01-13 15:20:02	ℹ Pool describe_relations is now 26% complete ...
2023-01-13 15:20:19	ℹ Pool describe_relations is now 26% complete ...
2023-01-13 15:20:37	ℹ Pool describe_relations is now 26% complete ...
2023-01-13 15:20:54	ℹ Pool describe_relations is now 28% complete ...
2023-01-13 15:21:12	ℹ Pool describe_relations is now 28% complete ...
2023-01-13 15:21:30	ℹ Pool describe_relations is now 29% complete ...
2023-01-13 15:21:47	ℹ Pool describe_relations is now 29% complete ...
2023-01-13 15:22:04	ℹ Pool describe_relations is now 29% complete ...
2023-01-13 15:22:20	ℹ Pool describe_relations is now 30% complete ...
2023-01-13 15:22:38	ℹ Pool describe_relations is now 30% complete ...
2023-01-13 15:22:55	ℹ Pool describe_relations is now 30% complete ...
2023-01-13 15:23:14	ℹ Pool describe_relations is now 32% complete ...
2023-01-13 15:23:32	ℹ Pool describe_relations is now 32% complete ...
2023-01-13 15:23:49	ℹ Pool describe_relations is now 32% complete ...
2023-01-13 15:24:07	ℹ Pool describe_relations is now 33% complete ...
2023-01-13 15:24:24	ℹ Pool describe_relations is now 33% complete ...
2023-01-13 15:24:41	ℹ Pool describe_relations is now 36% complete ...
2023-01-13 15:24:58	ℹ Pool describe_relations is now 36% complete ...
2023-01-13 15:25:16	ℹ Pool describe_relations is now 38% complete ...
2023-01-13 15:25:32	ℹ Pool describe_relations is now 38% complete ...
2023-01-13 15:25:48	ℹ Pool describe_relations is now 39% complete ...
2023-01-13 15:26:05	ℹ Pool describe_relations is now 40% complete ...
2023-01-13 15:26:23	ℹ Pool describe_relations is now 40% complete ...
2023-01-13 15:26:40	ℹ Pool describe_relations is now 40% complete ...
2023-01-13 15:26:57	ℹ Pool describe_relations is now 40% complete ...
2023-01-13 15:27:13	ℹ Pool describe_relations is now 40% complete ...
2023-01-13 15:27:30	ℹ Pool describe_relations is now 40% complete ...
2023-01-13 15:27:49	ℹ Pool describe_relations is now 40% complete ...
2023-01-13 15:28:06	ℹ Pool describe_relations is now 42% complete ...
2023-01-13 15:28:23	ℹ Pool describe_relations is now 42% complete ...
2023-01-13 15:28:41	ℹ Pool describe_relations is now 42% complete ...
2023-01-13 15:28:57	ℹ Pool describe_relations is now 42% complete ...
2023-01-13 15:29:15	ℹ Pool describe_relations is now 42% complete ...
2023-01-13 15:29:33	ℹ Pool describe_relations is now 42% complete ...
2023-01-13 15:29:49	ℹ Pool describe_relations is now 42% complete ...
2023-01-13 15:30:06	ℹ Pool describe_relations is now 42% complete ...
2023-01-13 15:30:24	ℹ Pool describe_relations is now 42% complete ...
2023-01-13 15:30:43	ℹ Pool describe_relations is now 42% complete ...
2023-01-13 15:30:59	ℹ Pool describe_relations is now 42% complete ...
2023-01-13 15:31:16	ℹ Pool describe_relations is now 42% complete ...
2023-01-13 15:31:33	ℹ Pool describe_relations is now 42% complete ...
2023-01-13 15:31:51	ℹ Pool describe_relations is now 43% complete ...
2023-01-13 15:32:08	ℹ Pool describe_relations is now 43% complete ...
2023-01-13 15:32:27	ℹ Pool describe_relations is now 43% complete ...
2023-01-13 15:32:46	ℹ Pool describe_relations is now 45% complete ...
2023-01-13 15:33:06	ℹ Pool describe_relations is now 45% complete ...
2023-01-13 15:33:24	ℹ Pool describe_relations is now 45% complete ...
2023-01-13 15:33:43	ℹ Pool describe_relations is now 45% complete ...
2023-01-13 15:33:59	ℹ Pool describe_relations is now 45% complete ...
2023-01-13 15:34:18	ℹ Pool describe_relations is now 45% complete ...
2023-01-13 15:34:36	ℹ Pool describe_relations is now 45% complete ...
2023-01-13 15:34:52	ℹ Pool describe_relations is now 45% complete ...
2023-01-13 15:35:09	ℹ Pool describe_relations is now 45% complete ...
2023-01-13 15:35:27	ℹ Pool describe_relations is now 45% complete ...
2023-01-13 15:35:44	ℹ Pool describe_relations is now 45% complete ...
2023-01-13 15:36:01	ℹ Pool describe_relations is now 45% complete ...
2023-01-13 15:36:17	ℹ Pool describe_relations is now 45% complete ...
2023-01-13 15:36:34	ℹ Pool describe_relations is now 46% complete ...
2023-01-13 15:36:50	ℹ Pool describe_relations is now 46% complete ...
2023-01-13 15:37:06	ℹ Pool describe_relations is now 46% complete ...
2023-01-13 15:37:24	ℹ Pool describe_relations is now 46% complete ...
2023-01-13 15:37:42	ℹ Pool describe_relations is now 46% complete ...
2023-01-13 15:37:58	ℹ Pool describe_relations is now 46% complete ...
2023-01-13 15:38:16	ℹ Pool describe_relations is now 46% complete ...
2023-01-13 15:38:33	ℹ Pool describe_relations is now 46% complete ...
2023-01-13 15:38:51	ℹ Pool describe_relations is now 46% complete ...
2023-01-13 15:39:11	ℹ Pool describe_relations is now 47% complete ...
2023-01-13 15:39:32	ℹ Pool describe_relations is now 47% complete ...
2023-01-13 15:39:51	ℹ Pool describe_relations is now 47% complete ...
2023-01-13 15:40:07	ℹ Pool describe_relations is now 47% complete ...
2023-01-13 15:40:24	ℹ Pool describe_relations is now 47% complete ...
2023-01-13 15:40:43	ℹ Pool describe_relations is now 47% complete ...
2023-01-13 15:40:58	ℹ Closed pool with ID 37272381
2023-01-13 15:40:59	ℹ Pool describe_relations is now 47% complete ...
2023-01-13 15:41:17	ℹ Pool describe_relations is now 49% complete ...
2023-01-13 15:41:39	ℹ Pool describe_relations is now 49% complete ...
2023-01-13 15:41:55	ℹ Pool describe_relations is now 49% complete ...
2023-01-13 15:42:12	ℹ Pool describe_relations is now 49% complete ...
2023-01-13 15:42:29	ℹ Pool describe_relations is now 49% complete ...
2023-01-13 15:42:47	ℹ Pool describe_relations is now 49% complete ...
2023-01-13 15:43:05	ℹ Pool describe_relations is now 49% complete ...
2023-01-13 15:43:23	ℹ Pool describe_relations is now 49% complete ...
2023-01-13 15:43:40	ℹ Pool describe_relations is now 49% complete ...
2023-01-13 15:43:57	ℹ Pool describe_relations is now 49% complete ...
2023-01-13 15:44:14	ℹ Pool describe_relations is now 49% complete ...
2023-01-13 15:44:32	ℹ Pool describe_relations is now 49% complete ...
2023-01-13 15:44:48	ℹ Pool describe_relations is now 49% complete ...
2023-01-13 15:45:06	ℹ Pool describe_relations is now 49% complete ...
2023-01-13 15:45:23	ℹ Pool describe_relations is now 50% complete ...
2023-01-13 15:45:40	ℹ Pool describe_relations is now 50% complete ...
2023-01-13 15:45:58	ℹ Pool describe_relations is now 50% complete ...
2023-01-13 15:46:16	ℹ Pool describe_relations is now 50% complete ...
2023-01-13 15:46:32	ℹ Pool describe_relations is now 50% complete ...
2023-01-13 15:46:49	ℹ Pool describe_relations is now 50% complete ...
2023-01-13 15:47:06	ℹ Pool describe_relations is now 50% complete ...
2023-01-13 15:47:23	ℹ Pool describe_relations is now 50% complete ...
2023-01-13 15:47:41	ℹ Pool describe_relations is now 52% complete ...
2023-01-13 15:47:59	ℹ Pool describe_relations is now 52% complete ...
2023-01-13 15:48:16	ℹ Pool describe_relations is now 52% complete ...
2023-01-13 15:48:34	ℹ Pool describe_relations is now 52% complete ...
2023-01-13 15:48:51	ℹ Pool describe_relations is now 52% complete ...
2023-01-13 15:49:08	ℹ Pool describe_relations is now 52% complete ...
2023-01-13 15:49:28	ℹ Pool describe_relations is now 52% complete ...
2023-01-13 15:49:46	ℹ Pool describe_relations is now 52% complete ...
2023-01-13 15:50:04	ℹ Pool describe_relations is now 52% complete ...
2023-01-13 15:50:22	ℹ Pool describe_relations is now 53% complete ...
2023-01-13 15:50:39	ℹ Pool describe_relations is now 53% complete ...
2023-01-13 15:50:57	ℹ Pool describe_relations is now 53% complete ...
2023-01-13 15:51:14	ℹ Pool describe_relations is now 53% complete ...
2023-01-13 15:51:30	ℹ Pool describe_relations is now 53% complete ...
2023-01-13 15:51:48	ℹ Pool describe_relations is now 53% complete ...
2023-01-13 15:52:05	ℹ Pool describe_relations is now 53% complete ...
2023-01-13 15:52:23	ℹ Pool describe_relations is now 53% complete ...
2023-01-13 15:52:42	ℹ Pool describe_relations is now 53% complete ...
2023-01-13 15:52:59	ℹ Pool describe_relations is now 53% complete ...
2023-01-13 15:53:16	ℹ Pool describe_relations is now 54% complete ...
2023-01-13 15:53:33	ℹ Pool describe_relations is now 54% complete ...
2023-01-13 15:53:49	ℹ Pool describe_relations is now 54% complete ...
2023-01-13 15:54:05	ℹ Pool describe_relations is now 54% complete ...
2023-01-13 15:54:23	ℹ Pool describe_relations is now 54% complete ...
2023-01-13 15:54:41	ℹ Pool describe_relations is now 54% complete ...
2023-01-13 15:54:57	ℹ Pool describe_relations is now 54% complete ...
2023-01-13 15:55:15	ℹ Pool describe_relations is now 54% complete ...
2023-01-13 15:55:33	ℹ Pool describe_relations is now 56% complete ...
2023-01-13 15:55:49	ℹ Pool describe_relations is now 56% complete ...
2023-01-13 15:56:08	ℹ Pool describe_relations is now 56% complete ...
2023-01-13 15:56:26	ℹ Pool describe_relations is now 56% complete ...
2023-01-13 15:56:42	ℹ Pool describe_relations is now 56% complete ...
2023-01-13 15:57:00	ℹ Pool describe_relations is now 56% complete ...
2023-01-13 15:57:15	ℹ Opened pool with ID 37272381
2023-01-13 15:57:18	ℹ Pool describe_relations is now 56% complete ...
2023-01-13 15:57:35	ℹ Pool describe_relations is now 56% complete ...
2023-01-13 15:57:53	ℹ Pool describe_relations is now 56% complete ...
2023-01-13 15:58:10	ℹ Pool describe_relations is now 56% complete ...
2023-01-13 15:58:26	ℹ Pool describe_relations is now 56% complete ...
2023-01-13 15:58:44	ℹ Pool describe_relations is now 56% complete ...
2023-01-13 15:59:00	ℹ Pool describe_relations is now 57% complete ...
2023-01-13 15:59:17	ℹ Pool describe_relations is now 57% complete ...
2023-01-13 15:59:36	ℹ Pool describe_relations is now 57% complete ...
2023-01-13 15:59:53	ℹ Pool describe_relations is now 57% complete ...
2023-01-13 16:00:10	ℹ Pool describe_relations is now 57% complete ...
2023-01-13 16:00:28	ℹ Pool describe_relations is now 57% complete ...
2023-01-13 16:00:46	ℹ Pool describe_relations is now 57% complete ...
2023-01-13 16:01:02	ℹ Pool describe_relations is now 57% complete ...
2023-01-13 16:01:20	ℹ Pool describe_relations is now 57% complete ...
2023-01-13 16:01:39	ℹ Pool describe_relations is now 59% complete ...
2023-01-13 16:01:56	ℹ Pool describe_relations is now 59% complete ...
2023-01-13 16:02:13	ℹ Pool describe_relations is now 59% complete ...
2023-01-13 16:02:31	ℹ Pool describe_relations is now 59% complete ...
2023-01-13 16:02:49	ℹ Pool describe_relations is now 59% complete ...
2023-01-13 16:03:04	ℹ Closed pool with ID 37272381
2023-01-13 16:03:05	ℹ Pool describe_relations is now 59% complete ...
2023-01-13 16:03:28	ℹ Pool describe_relations is now 59% complete ...
2023-01-13 16:03:44	ℹ Pool describe_relations is now 60% complete ...
2023-01-13 16:04:02	ℹ Pool describe_relations is now 60% complete ...
2023-01-13 16:04:19	ℹ Pool describe_relations is now 60% complete ...
2023-01-13 16:04:35	ℹ Pool describe_relations is now 60% complete ...
2023-01-13 16:04:53	ℹ Pool describe_relations is now 61% complete ...
2023-01-13 16:05:11	ℹ Pool describe_relations is now 61% complete ...
2023-01-13 16:05:27	ℹ Pool describe_relations is now 61% complete ...
2023-01-13 16:05:45	ℹ Pool describe_relations is now 61% complete ...
2023-01-13 16:06:02	ℹ Pool describe_relations is now 61% complete ...
2023-01-13 16:06:18	ℹ Pool describe_relations is now 61% complete ...
2023-01-13 16:06:36	ℹ Pool describe_relations is now 61% complete ...
2023-01-13 16:06:52	ℹ Pool describe_relations is now 63% complete ...
2023-01-13 16:07:09	ℹ Pool describe_relations is now 63% complete ...
2023-01-13 16:07:26	ℹ Pool describe_relations is now 63% complete ...
2023-01-13 16:07:43	ℹ Pool describe_relations is now 63% complete ...
2023-01-13 16:07:59	ℹ Pool describe_relations is now 63% complete ...
2023-01-13 16:08:16	ℹ Pool describe_relations is now 63% complete ...
2023-01-13 16:08:33	ℹ Pool describe_relations is now 64% complete ...
2023-01-13 16:08:50	ℹ Pool describe_relations is now 64% complete ...
2023-01-13 16:09:06	ℹ Pool describe_relations is now 64% complete ...
2023-01-13 16:09:23	ℹ Pool describe_relations is now 64% complete ...
2023-01-13 16:09:39	ℹ Pool describe_relations is now 64% complete ...
2023-01-13 16:09:56	ℹ Pool describe_relations is now 64% complete ...
2023-01-13 16:10:15	ℹ Pool describe_relations is now 64% complete ...
2023-01-13 16:10:33	ℹ Pool describe_relations is now 64% complete ...
2023-01-13 16:10:49	ℹ Pool describe_relations is now 64% complete ...
2023-01-13 16:11:07	ℹ Pool describe_relations is now 64% complete ...
2023-01-13 16:11:26	ℹ Pool describe_relations is now 64% complete ...
2023-01-13 16:11:46	ℹ Pool describe_relations is now 64% complete ...
2023-01-13 16:12:04	ℹ Pool describe_relations is now 64% complete ...
2023-01-13 16:12:22	ℹ Pool describe_relations is now 64% complete ...
2023-01-13 16:12:42	ℹ Pool describe_relations is now 64% complete ...
2023-01-13 16:12:59	ℹ Pool describe_relations is now 64% complete ...
2023-01-13 16:13:15	ℹ Pool describe_relations is now 64% complete ...
2023-01-13 16:13:33	ℹ Pool describe_relations is now 64% complete ...
2023-01-13 16:13:51	ℹ Pool describe_relations is now 64% complete ...
2023-01-13 16:14:07	ℹ Pool describe_relations is now 64% complete ...
2023-01-13 16:14:24	ℹ Pool describe_relations is now 64% complete ...
2023-01-13 16:14:42	ℹ Pool describe_relations is now 64% complete ...
2023-01-13 16:14:58	ℹ Pool describe_relations is now 64% complete ...
2023-01-13 16:15:16	ℹ Pool describe_relations is now 64% complete ...
2023-01-13 16:15:34	ℹ Pool describe_relations is now 64% complete ...
2023-01-13 16:15:53	ℹ Pool describe_relations is now 64% complete ...
2023-01-13 16:16:11	ℹ Pool describe_relations is now 64% complete ...
2023-01-13 16:16:27	ℹ Pool describe_relations is now 64% complete ...
2023-01-13 16:16:44	ℹ Pool describe_relations is now 64% complete ...
2023-01-13 16:17:02	ℹ Pool describe_relations is now 64% complete ...
2023-01-13 16:17:20	ℹ Pool describe_relations is now 64% complete ...
2023-01-13 16:17:39	ℹ Pool describe_relations is now 64% complete ...
2023-01-13 16:17:57	ℹ Pool describe_relations is now 64% complete ...
2023-01-13 16:18:15	ℹ Pool describe_relations is now 64% complete ...
2023-01-13 16:18:32	ℹ Pool describe_relations is now 64% complete ...
2023-01-13 16:18:50	ℹ Pool describe_relations is now 64% complete ...
2023-01-13 16:19:08	ℹ Pool describe_relations is now 64% complete ...
2023-01-13 16:19:27	ℹ Pool describe_relations is now 64% complete ...
2023-01-13 16:19:44	ℹ Pool describe_relations is now 64% complete ...
2023-01-13 16:20:02	ℹ Pool describe_relations is now 64% complete ...
2023-01-13 16:20:20	ℹ Pool describe_relations is now 64% complete ...
2023-01-13 16:20:38	ℹ Pool describe_relations is now 64% complete ...
2023-01-13 16:20:54	ℹ Pool describe_relations is now 64% complete ...
2023-01-13 16:21:10	ℹ Pool describe_relations is now 64% complete ...
2023-01-13 16:21:27	ℹ Pool describe_relations is now 64% complete ...
2023-01-13 16:21:45	ℹ Pool describe_relations is now 64% complete ...
2023-01-13 16:22:04	ℹ Pool describe_relations is now 64% complete ...
2023-01-13 16:22:21	ℹ Pool describe_relations is now 64% complete ...
2023-01-13 16:22:39	ℹ Pool describe_relations is now 64% complete ...
2023-01-13 16:22:56	ℹ Pool describe_relations is now 64% complete ...
2023-01-13 16:23:16	ℹ Pool describe_relations is now 64% complete ...
2023-01-13 16:23:33	ℹ Pool describe_relations is now 64% complete ...
2023-01-13 16:23:49	ℹ Pool describe_relations is now 64% complete ...
2023-01-13 16:24:05	ℹ Pool describe_relations is now 64% complete ...
2023-01-13 16:24:26	ℹ Pool describe_relations is now 64% complete ...
2023-01-13 16:24:43	ℹ Pool describe_relations is now 64% complete ...
2023-01-13 16:25:01	ℹ Pool describe_relations is now 64% complete ...
2023-01-13 16:25:19	ℹ Pool describe_relations is now 64% complete ...
2023-01-13 16:25:37	ℹ Pool describe_relations is now 64% complete ...
2023-01-13 16:25:55	ℹ Pool describe_relations is now 64% complete ...
2023-01-13 16:26:11	ℹ Pool describe_relations is now 64% complete ...
2023-01-13 16:26:29	ℹ Pool describe_relations is now 64% complete ...
2023-01-13 16:26:47	ℹ Pool describe_relations is now 64% complete ...
2023-01-13 16:27:03	ℹ Pool describe_relations is now 64% complete ...
2023-01-13 16:27:21	ℹ Pool describe_relations is now 64% complete ...
2023-01-13 16:27:39	ℹ Pool describe_relations is now 64% complete ...
2023-01-13 16:27:57	ℹ Pool describe_relations is now 64% complete ...
2023-01-13 16:28:14	ℹ Pool describe_relations is now 64% complete ...
2023-01-13 16:28:31	ℹ Pool describe_relations is now 64% complete ...
2023-01-13 16:28:47	ℹ Pool describe_relations is now 64% complete ...
2023-01-13 16:29:04	ℹ Pool describe_relations is now 64% complete ...
2023-01-13 16:29:20	ℹ Pool describe_relations is now 64% complete ...
2023-01-13 16:29:38	ℹ Pool describe_relations is now 64% complete ...
2023-01-13 16:29:55	ℹ Pool describe_relations is now 64% complete ...
2023-01-13 16:30:11	ℹ Pool describe_relations is now 64% complete ...
2023-01-13 16:30:28	ℹ Pool describe_relations is now 64% complete ...
2023-01-13 16:30:47	ℹ Pool describe_relations is now 64% complete ...
2023-01-13 16:31:03	ℹ Pool describe_relations is now 64% complete ...
2023-01-13 16:31:21	ℹ Pool describe_relations is now 64% complete ...
2023-01-13 16:31:37	ℹ Pool describe_relations is now 64% complete ...
2023-01-13 16:32:02	ℹ Pool describe_relations is now 64% complete ...
2023-01-13 16:32:22	ℹ Pool describe_relations is now 64% complete ...
2023-01-13 16:32:41	ℹ Pool describe_relations is now 64% complete ...
2023-01-13 16:33:00	ℹ Pool describe_relations is now 64% complete ...
2023-01-13 16:33:18	ℹ Pool describe_relations is now 64% complete ...
2023-01-13 16:33:34	ℹ Pool describe_relations is now 64% complete ...
2023-01-13 16:33:52	ℹ Pool describe_relations is now 64% complete ...
2023-01-13 16:34:08	ℹ Pool describe_relations is now 64% complete ...
2023-01-13 16:34:26	ℹ Pool describe_relations is now 64% complete ...
2023-01-13 16:34:43	ℹ Pool describe_relations is now 64% complete ...
2023-01-13 16:34:59	ℹ Pool describe_relations is now 64% complete ...
2023-01-13 16:35:17	ℹ Pool describe_relations is now 64% complete ...
2023-01-13 16:35:34	ℹ Pool describe_relations is now 64% complete ...
2023-01-13 16:35:50	ℹ Pool describe_relations is now 64% complete ...
2023-01-13 16:36:08	ℹ Pool describe_relations is now 64% complete ...
2023-01-13 16:36:25	ℹ Pool describe_relations is now 64% complete ...
2023-01-13 16:36:43	ℹ Pool describe_relations is now 64% complete ...
2023-01-13 16:37:00	ℹ Pool describe_relations is now 64% complete ...
2023-01-13 16:37:16	ℹ Pool describe_relations is now 64% complete ...
2023-01-13 16:37:33	ℹ Pool describe_relations is now 64% complete ...
2023-01-13 16:37:50	ℹ Pool describe_relations is now 64% complete ...
2023-01-13 16:38:07	ℹ Pool describe_relations is now 64% complete ...
2023-01-13 16:38:25	ℹ Pool describe_relations is now 64% complete ...
2023-01-13 16:38:41	ℹ Pool describe_relations is now 64% complete ...
2023-01-13 16:39:00	ℹ Pool describe_relations is now 64% complete ...
2023-01-13 16:39:18	ℹ Pool describe_relations is now 64% complete ...
2023-01-13 16:39:37	ℹ Pool describe_relations is now 64% complete ...
2023-01-13 16:39:54	ℹ Pool describe_relations is now 64% complete ...
2023-01-13 16:40:11	ℹ Pool describe_relations is now 64% complete ...
2023-01-13 16:40:27	ℹ Pool describe_relations is now 64% complete ...
2023-01-13 16:40:47	ℹ Pool describe_relations is now 64% complete ...
2023-01-13 16:41:03	ℹ Pool describe_relations is now 64% complete ...
2023-01-13 16:41:21	ℹ Pool describe_relations is now 64% complete ...
2023-01-13 16:41:37	ℹ Pool describe_relations is now 64% complete ...
2023-01-13 16:41:55	ℹ Pool describe_relations is now 64% complete ...
2023-01-13 16:42:13	ℹ Pool describe_relations is now 64% complete ...
2023-01-13 16:42:29	ℹ Pool describe_relations is now 64% complete ...
2023-01-13 16:42:46	ℹ Pool describe_relations is now 64% complete ...
2023-01-13 16:43:03	ℹ Pool describe_relations is now 64% complete ...
2023-01-13 16:43:21	ℹ Pool describe_relations is now 64% complete ...
2023-01-13 16:43:39	ℹ Pool describe_relations is now 64% complete ...
2023-01-13 16:43:56	ℹ Pool describe_relations is now 64% complete ...
2023-01-13 16:44:16	ℹ Pool describe_relations is now 64% complete ...
2023-01-13 16:44:34	ℹ Pool describe_relations is now 64% complete ...
2023-01-13 16:44:50	ℹ Pool describe_relations is now 64% complete ...
2023-01-13 16:45:09	ℹ Pool describe_relations is now 64% complete ...
2023-01-13 16:45:25	ℹ Pool describe_relations is now 64% complete ...
2023-01-13 16:45:42	ℹ Pool describe_relations is now 64% complete ...
2023-01-13 16:45:59	ℹ Pool describe_relations is now 64% complete ...
2023-01-13 16:46:17	ℹ Pool describe_relations is now 64% complete ...
2023-01-13 16:46:33	ℹ Pool describe_relations is now 64% complete ...
2023-01-13 16:46:51	ℹ Pool describe_relations is now 64% complete ...
2023-01-13 16:47:09	ℹ Pool describe_relations is now 64% complete ...
2023-01-13 16:47:27	ℹ Pool describe_relations is now 64% complete ...
2023-01-13 16:47:45	ℹ Pool describe_relations is now 64% complete ...
2023-01-13 16:48:02	ℹ Pool describe_relations is now 64% complete ...
2023-01-13 16:48:22	ℹ Pool describe_relations is now 64% complete ...
2023-01-13 16:48:40	ℹ Pool describe_relations is now 64% complete ...
2023-01-13 16:48:57	ℹ Pool describe_relations is now 64% complete ...
2023-01-13 16:49:14	ℹ Pool describe_relations is now 64% complete ...
2023-01-13 16:49:32	ℹ Pool describe_relations is now 64% complete ...
2023-01-13 16:49:48	ℹ Pool describe_relations is now 64% complete ...
2023-01-13 16:50:06	ℹ Pool describe_relations is now 64% complete ...
2023-01-13 16:50:22	ℹ Pool describe_relations is now 64% complete ...
2023-01-13 16:50:39	ℹ Pool describe_relations is now 64% complete ...
2023-01-13 16:50:56	ℹ Pool describe_relations is now 64% complete ...
2023-01-13 16:51:14	ℹ Pool describe_relations is now 64% complete ...
2023-01-13 16:51:32	ℹ Pool describe_relations is now 64% complete ...
2023-01-13 16:51:50	ℹ Pool describe_relations is now 64% complete ...
2023-01-13 16:52:10	ℹ Pool describe_relations is now 64% complete ...
2023-01-13 16:52:26	ℹ Pool describe_relations is now 64% complete ...
2023-01-13 16:52:44	ℹ Pool describe_relations is now 64% complete ...
2023-01-13 16:53:01	ℹ Pool describe_relations is now 64% complete ...
2023-01-13 16:53:19	ℹ Pool describe_relations is now 64% complete ...
2023-01-13 16:53:37	ℹ Pool describe_relations is now 64% complete ...
2023-01-13 16:53:54	ℹ Pool describe_relations is now 64% complete ...
2023-01-13 16:54:11	ℹ Pool describe_relations is now 64% complete ...
2023-01-13 16:54:27	ℹ Pool describe_relations is now 64% complete ...
2023-01-13 16:54:48	ℹ Pool describe_relations is now 64% complete ...
2023-01-13 16:55:05	ℹ Pool describe_relations is now 64% complete ...
2023-01-13 16:55:23	ℹ Pool describe_relations is now 64% complete ...
2023-01-13 16:55:41	ℹ Pool describe_relations is now 64% complete ...
2023-01-13 16:55:59	ℹ Pool describe_relations is now 64% complete ...
2023-01-13 16:56:17	ℹ Pool describe_relations is now 64% complete ...
2023-01-13 16:56:33	ℹ Pool describe_relations is now 64% complete ...
2023-01-13 16:56:49	ℹ Pool describe_relations is now 64% complete ...
2023-01-13 16:57:06	ℹ Pool describe_relations is now 64% complete ...
2023-01-13 16:57:23	ℹ Pool describe_relations is now 64% complete ...
2023-01-13 16:57:40	ℹ Pool describe_relations is now 64% complete ...
2023-01-13 16:57:57	ℹ Pool describe_relations is now 64% complete ...
2023-01-13 16:58:15	ℹ Pool describe_relations is now 64% complete ...
2023-01-13 16:58:32	ℹ Pool describe_relations is now 64% complete ...
2023-01-13 16:58:51	ℹ Pool describe_relations is now 64% complete ...
2023-01-13 16:59:08	ℹ Pool describe_relations is now 64% complete ...
2023-01-13 16:59:32	ℹ Pool describe_relations is now 64% complete ...
2023-01-13 16:59:50	ℹ Pool describe_relations is now 64% complete ...
2023-01-13 17:00:08	ℹ Pool describe_relations is now 64% complete ...
2023-01-13 17:00:25	ℹ Pool describe_relations is now 64% complete ...
2023-01-13 17:00:43	ℹ Pool describe_relations is now 64% complete ...
2023-01-13 17:00:59	ℹ Pool describe_relations is now 64% complete ...
2023-01-13 17:01:17	ℹ Pool describe_relations is now 64% complete ...
2023-01-13 17:01:33	ℹ Pool describe_relations is now 64% complete ...
2023-01-13 17:01:53	ℹ Pool describe_relations is now 64% complete ...
2023-01-13 17:02:09	ℹ Pool describe_relations is now 64% complete ...
2023-01-13 17:02:27	ℹ Pool describe_relations is now 64% complete ...
2023-01-13 17:02:43	ℹ Pool describe_relations is now 64% complete ...
2023-01-13 17:03:02	ℹ Pool describe_relations is now 64% complete ...
2023-01-13 17:03:19	ℹ Pool describe_relations is now 64% complete ...
2023-01-13 17:03:36	ℹ Pool describe_relations is now 64% complete ...
2023-01-13 17:03:55	ℹ Pool describe_relations is now 64% complete ...
2023-01-13 17:04:13	ℹ Pool describe_relations is now 64% complete ...
2023-01-13 17:04:30	ℹ Pool describe_relations is now 64% complete ...
2023-01-13 17:04:46	ℹ Pool describe_relations is now 64% complete ...
2023-01-13 17:05:02	ℹ Pool describe_relations is now 64% complete ...
2023-01-13 17:05:19	ℹ Pool describe_relations is now 64% complete ...
2023-01-13 17:05:35	ℹ Pool describe_relations is now 64% complete ...
2023-01-13 17:05:53	ℹ Pool describe_relations is now 64% complete ...
2023-01-13 17:06:10	ℹ Pool describe_relations is now 64% complete ...
2023-01-13 17:06:26	ℹ Pool describe_relations is now 64% complete ...
2023-01-13 17:06:43	ℹ Pool describe_relations is now 64% complete ...
2023-01-13 17:07:01	ℹ Pool describe_relations is now 64% complete ...
2023-01-13 17:07:17	ℹ Pool describe_relations is now 64% complete ...
2023-01-13 17:07:35	ℹ Pool describe_relations is now 64% complete ...
2023-01-13 17:07:51	ℹ Pool describe_relations is now 64% complete ...
2023-01-13 17:08:08	ℹ Pool describe_relations is now 64% complete ...
2023-01-13 17:08:25	ℹ Pool describe_relations is now 64% complete ...
2023-01-13 17:08:43	ℹ Pool describe_relations is now 64% complete ...
2023-01-13 17:09:00	ℹ Pool describe_relations is now 64% complete ...
2023-01-13 17:09:19	ℹ Pool describe_relations is now 64% complete ...
2023-01-13 17:09:37	ℹ Pool describe_relations is now 64% complete ...
2023-01-13 17:09:54	ℹ Pool describe_relations is now 64% complete ...
2023-01-13 17:10:11	ℹ Pool describe_relations is now 64% complete ...
2023-01-13 17:10:27	ℹ Pool describe_relations is now 64% complete ...
2023-01-13 17:10:44	ℹ Pool describe_relations is now 64% complete ...
2023-01-13 17:11:01	ℹ Pool describe_relations is now 64% complete ...
2023-01-13 17:11:19	ℹ Pool describe_relations is now 64% complete ...
2023-01-13 17:11:36	ℹ Pool describe_relations is now 64% complete ...
2023-01-13 17:11:52	ℹ Pool describe_relations is now 64% complete ...
2023-01-13 17:12:10	ℹ Pool describe_relations is now 64% complete ...
2023-01-13 17:12:26	ℹ Pool describe_relations is now 64% complete ...
2023-01-13 17:12:47	ℹ Pool describe_relations is now 64% complete ...
2023-01-13 17:13:05	ℹ Pool describe_relations is now 64% complete ...
2023-01-13 17:13:22	ℹ Pool describe_relations is now 64% complete ...
2023-01-13 17:13:39	ℹ Pool describe_relations is now 64% complete ...
2023-01-13 17:13:55	ℹ Pool describe_relations is now 64% complete ...
2023-01-13 17:14:12	ℹ Pool describe_relations is now 64% complete ...
2023-01-13 17:14:30	ℹ Pool describe_relations is now 64% complete ...
2023-01-13 17:14:46	ℹ Pool describe_relations is now 64% complete ...
2023-01-13 17:15:03	ℹ Pool describe_relations is now 64% complete ...
2023-01-13 17:15:19	ℹ Pool describe_relations is now 64% complete ...
2023-01-13 17:15:37	ℹ Pool describe_relations is now 64% complete ...
2023-01-13 17:15:53	ℹ Pool describe_relations is now 64% complete ...
2023-01-13 17:16:10	ℹ Pool describe_relations is now 64% complete ...
2023-01-13 17:16:26	ℹ Pool describe_relations is now 64% complete ...
2023-01-13 17:16:42	ℹ Pool describe_relations is now 64% complete ...
2023-01-13 17:16:59	ℹ Pool describe_relations is now 64% complete ...
2023-01-13 17:17:17	ℹ Pool describe_relations is now 64% complete ...
2023-01-13 17:17:34	ℹ Pool describe_relations is now 64% complete ...
2023-01-13 17:17:55	ℹ Pool describe_relations is now 64% complete ...
2023-01-13 17:18:12	ℹ Pool describe_relations is now 64% complete ...
2023-01-13 17:18:31	ℹ Pool describe_relations is now 64% complete ...
2023-01-13 17:18:50	ℹ Pool describe_relations is now 64% complete ...
2023-01-13 17:19:09	ℹ Pool describe_relations is now 64% complete ...
2023-01-13 17:19:26	ℹ Pool describe_relations is now 64% complete ...
2023-01-13 17:19:49	ℹ Pool describe_relations is now 64% complete ...
2023-01-13 17:20:06	ℹ Pool describe_relations is now 64% complete ...
2023-01-13 17:20:23	ℹ Pool describe_relations is now 64% complete ...
2023-01-13 17:20:40	ℹ Pool describe_relations is now 64% complete ...
2023-01-13 17:20:57	ℹ Pool describe_relations is now 64% complete ...
2023-01-13 17:21:15	ℹ Pool describe_relations is now 64% complete ...
2023-01-13 17:21:31	ℹ Pool describe_relations is now 64% complete ...
2023-01-13 17:21:49	ℹ Pool describe_relations is now 66% complete ...
2023-01-13 17:22:05	ℹ Pool describe_relations is now 66% complete ...
2023-01-13 17:22:23	ℹ Pool describe_relations is now 66% complete ...
2023-01-13 17:22:39	ℹ Pool describe_relations is now 66% complete ...
2023-01-13 17:22:57	ℹ Pool describe_relations is now 67% complete ...
2023-01-13 17:23:15	ℹ Pool describe_relations is now 67% complete ...
2023-01-13 17:23:33	ℹ Pool describe_relations is now 67% complete ...
2023-01-13 17:23:51	ℹ Pool describe_relations is now 67% complete ...
2023-01-13 17:24:10	ℹ Pool describe_relations is now 67% complete ...
2023-01-13 17:24:29	ℹ Pool describe_relations is now 67% complete ...
2023-01-13 17:24:47	ℹ Pool describe_relations is now 67% complete ...
2023-01-13 17:25:04	ℹ Pool describe_relations is now 69% complete ...
2023-01-13 17:25:22	ℹ Pool describe_relations is now 69% complete ...
2023-01-13 17:25:41	ℹ Pool describe_relations is now 69% complete ...
2023-01-13 17:25:59	ℹ Pool describe_relations is now 69% complete ...
2023-01-13 17:26:17	ℹ Pool describe_relations is now 69% complete ...
2023-01-13 17:26:35	ℹ Pool describe_relations is now 69% complete ...
2023-01-13 17:26:51	ℹ Pool describe_relations is now 69% complete ...
2023-01-13 17:27:07	ℹ Pool describe_relations is now 69% complete ...
2023-01-13 17:27:24	ℹ Pool describe_relations is now 70% complete ...
2023-01-13 17:27:41	ℹ Pool describe_relations is now 70% complete ...
2023-01-13 17:27:59	ℹ Pool describe_relations is now 70% complete ...
2023-01-13 17:28:17	ℹ Pool describe_relations is now 70% complete ...
2023-01-13 17:28:35	ℹ Pool describe_relations is now 70% complete ...
2023-01-13 17:28:54	ℹ Pool describe_relations is now 71% complete ...
2023-01-13 17:29:10	ℹ Pool describe_relations is now 71% complete ...
2023-01-13 17:29:28	ℹ Pool describe_relations is now 71% complete ...
2023-01-13 17:29:44	ℹ Pool describe_relations is now 71% complete ...
2023-01-13 17:30:02	ℹ Pool describe_relations is now 73% complete ...
2023-01-13 17:30:20	ℹ Pool describe_relations is now 73% complete ...
2023-01-13 17:30:37	ℹ Pool describe_relations is now 74% complete ...
2023-01-13 17:30:54	ℹ Pool describe_relations is now 74% complete ...
2023-01-13 17:31:12	ℹ Pool describe_relations is now 76% complete ...
2023-01-13 17:31:28	ℹ Pool describe_relations is now 76% complete ...
2023-01-13 17:31:45	ℹ Pool describe_relations is now 76% complete ...
2023-01-13 17:32:01	ℹ Pool describe_relations is now 76% complete ...
2023-01-13 17:32:18	ℹ Pool describe_relations is now 76% complete ...
2023-01-13 17:32:36	ℹ Pool describe_relations is now 76% complete ...
2023-01-13 17:32:54	ℹ Pool describe_relations is now 76% complete ...
2023-01-13 17:33:12	ℹ Pool describe_relations is now 76% complete ...
2023-01-13 17:33:29	ℹ Pool describe_relations is now 76% complete ...
2023-01-13 17:33:49	ℹ Pool describe_relations is now 77% complete ...
2023-01-13 17:34:11	ℹ Pool describe_relations is now 77% complete ...
2023-01-13 17:34:27	ℹ Pool describe_relations is now 78% complete ...
2023-01-13 17:34:44	ℹ Pool describe_relations is now 78% complete ...
2023-01-13 17:35:03	ℹ Pool describe_relations is now 78% complete ...
2023-01-13 17:35:21	ℹ Pool describe_relations is now 78% complete ...
2023-01-13 17:35:38	ℹ Pool describe_relations is now 78% complete ...
2023-01-13 17:35:55	ℹ Pool describe_relations is now 78% complete ...
2023-01-13 17:36:11	ℹ Pool describe_relations is now 78% complete ...
2023-01-13 17:36:29	ℹ Pool describe_relations is now 78% complete ...
2023-01-13 17:36:47	ℹ Pool describe_relations is now 78% complete ...
2023-01-13 17:37:05	ℹ Pool describe_relations is now 78% complete ...
2023-01-13 17:37:23	ℹ Pool describe_relations is now 78% complete ...
2023-01-13 17:37:40	ℹ Pool describe_relations is now 78% complete ...
2023-01-13 17:38:02	ℹ Pool describe_relations is now 78% complete ...
2023-01-13 17:38:18	ℹ Pool describe_relations is now 78% complete ...
2023-01-13 17:38:36	ℹ Pool describe_relations is now 78% complete ...
2023-01-13 17:38:53	ℹ Pool describe_relations is now 80% complete ...
2023-01-13 17:39:12	ℹ Pool describe_relations is now 80% complete ...
2023-01-13 17:39:28	ℹ Pool describe_relations is now 80% complete ...
2023-01-13 17:39:47	ℹ Pool describe_relations is now 81% complete ...
2023-01-13 17:40:05	ℹ Pool describe_relations is now 81% complete ...
2023-01-13 17:40:21	ℹ Pool describe_relations is now 81% complete ...
2023-01-13 17:40:38	ℹ Pool describe_relations is now 81% complete ...
2023-01-13 17:40:55	ℹ Pool describe_relations is now 81% complete ...
2023-01-13 17:41:12	ℹ Pool describe_relations is now 81% complete ...
2023-01-13 17:41:30	ℹ Pool describe_relations is now 81% complete ...
2023-01-13 17:41:47	ℹ Pool describe_relations is now 81% complete ...
2023-01-13 17:42:04	ℹ Pool describe_relations is now 81% complete ...
2023-01-13 17:42:22	ℹ Pool describe_relations is now 81% complete ...
2023-01-13 17:42:40	ℹ Pool describe_relations is now 81% complete ...
2023-01-13 17:42:56	ℹ Pool describe_relations is now 81% complete ...
2023-01-13 17:43:14	ℹ Pool describe_relations is now 81% complete ...
2023-01-13 17:43:32	ℹ Pool describe_relations is now 83% complete ...
2023-01-13 17:43:49	ℹ Pool describe_relations is now 83% complete ...
2023-01-13 17:44:06	ℹ Pool describe_relations is now 83% complete ...
2023-01-13 17:44:23	ℹ Pool describe_relations is now 83% complete ...
2023-01-13 17:44:40	ℹ Pool describe_relations is now 83% complete ...
2023-01-13 17:44:57	ℹ Pool describe_relations is now 84% complete ...
2023-01-13 17:45:15	ℹ Pool describe_relations is now 84% complete ...
2023-01-13 17:45:31	ℹ Pool describe_relations is now 85% complete ...
2023-01-13 17:45:48	ℹ Pool describe_relations is now 85% complete ...
2023-01-13 17:46:06	ℹ Pool describe_relations is now 85% complete ...
2023-01-13 17:46:22	ℹ Pool describe_relations is now 85% complete ...
2023-01-13 17:46:40	ℹ Pool describe_relations is now 85% complete ...
2023-01-13 17:46:56	ℹ Pool describe_relations is now 85% complete ...
2023-01-13 17:47:13	ℹ Pool describe_relations is now 85% complete ...
2023-01-13 17:47:30	ℹ Pool describe_relations is now 85% complete ...
2023-01-13 17:47:48	ℹ Pool describe_relations is now 85% complete ...
2023-01-13 17:48:06	ℹ Pool describe_relations is now 85% complete ...
2023-01-13 17:48:23	ℹ Pool describe_relations is now 85% complete ...
2023-01-13 17:48:40	ℹ Pool describe_relations is now 85% complete ...
2023-01-13 17:49:00	ℹ Pool describe_relations is now 87% complete ...
2023-01-13 17:49:17	ℹ Pool describe_relations is now 87% complete ...
2023-01-13 17:49:33	ℹ Pool describe_relations is now 87% complete ...
2023-01-13 17:49:49	ℹ Pool describe_relations is now 87% complete ...
2023-01-13 17:50:06	ℹ Pool describe_relations is now 87% complete ...
2023-01-13 17:50:24	ℹ Pool describe_relations is now 87% complete ...
2023-01-13 17:50:40	ℹ Pool describe_relations is now 87% complete ...
2023-01-13 17:50:58	ℹ Pool describe_relations is now 87% complete ...
2023-01-13 17:51:16	ℹ Pool describe_relations is now 87% complete ...
2023-01-13 17:51:32	ℹ Pool describe_relations is now 87% complete ...
2023-01-13 17:51:50	ℹ Pool describe_relations is now 87% complete ...
2023-01-13 17:52:08	ℹ Pool describe_relations is now 88% complete ...
2023-01-13 17:52:25	ℹ Pool describe_relations is now 88% complete ...
2023-01-13 17:52:43	ℹ Pool describe_relations is now 88% complete ...
2023-01-13 17:53:01	ℹ Pool describe_relations is now 88% complete ...
2023-01-13 17:53:18	ℹ Pool describe_relations is now 88% complete ...
2023-01-13 17:53:35	ℹ Pool describe_relations is now 88% complete ...
2023-01-13 17:53:52	ℹ Pool describe_relations is now 88% complete ...
2023-01-13 17:54:08	ℹ Pool describe_relations is now 88% complete ...
2023-01-13 17:54:25	ℹ Pool describe_relations is now 88% complete ...
2023-01-13 17:54:42	ℹ Pool describe_relations is now 88% complete ...
2023-01-13 17:54:58	ℹ Pool describe_relations is now 88% complete ...
2023-01-13 17:55:15	ℹ Pool describe_relations is now 88% complete ...
2023-01-13 17:55:31	ℹ Pool describe_relations is now 88% complete ...
2023-01-13 17:55:48	ℹ Pool describe_relations is now 88% complete ...
2023-01-13 17:56:04	ℹ Pool describe_relations is now 90% complete ...
2023-01-13 17:56:20	ℹ Pool describe_relations is now 91% complete ...
2023-01-13 17:56:38	ℹ Pool describe_relations is now 91% complete ...
2023-01-13 17:56:55	ℹ Pool describe_relations is now 91% complete ...
2023-01-13 17:57:11	ℹ Pool describe_relations is now 91% complete ...
2023-01-13 17:57:29	ℹ Pool describe_relations is now 91% complete ...
2023-01-13 17:57:46	ℹ Pool describe_relations is now 91% complete ...
2023-01-13 17:58:06	ℹ Pool describe_relations is now 91% complete ...
2023-01-13 17:58:23	ℹ Pool describe_relations is now 91% complete ...
2023-01-13 17:58:40	ℹ Pool describe_relations is now 91% complete ...
2023-01-13 17:58:58	ℹ Pool describe_relations is now 91% complete ...
2023-01-13 17:59:15	ℹ Pool describe_relations is now 91% complete ...
2023-01-13 17:59:37	ℹ Pool describe_relations is now 91% complete ...
2023-01-13 17:59:57	ℹ Pool describe_relations is now 91% complete ...
2023-01-13 18:00:14	ℹ Pool describe_relations is now 91% complete ...
2023-01-13 18:00:31	ℹ Pool describe_relations is now 91% complete ...
2023-01-13 18:00:48	ℹ Pool describe_relations is now 91% complete ...
2023-01-13 18:01:04	ℹ Pool describe_relations is now 91% complete ...
2023-01-13 18:01:22	ℹ Pool describe_relations is now 91% complete ...
2023-01-13 18:01:38	ℹ Pool describe_relations is now 91% complete ...
2023-01-13 18:01:55	ℹ Pool describe_relations is now 91% complete ...
2023-01-13 18:02:13	ℹ Pool describe_relations is now 91% complete ...
2023-01-13 18:02:29	ℹ Pool describe_relations is now 91% complete ...
2023-01-13 18:02:51	ℹ Pool describe_relations is now 91% complete ...
2023-01-13 18:03:08	ℹ Pool describe_relations is now 91% complete ...
2023-01-13 18:03:26	ℹ Pool describe_relations is now 91% complete ...
2023-01-13 18:03:44	ℹ Pool describe_relations is now 91% complete ...
2023-01-13 18:04:00	ℹ Pool describe_relations is now 91% complete ...
2023-01-13 18:04:17	ℹ Pool describe_relations is now 91% complete ...
2023-01-13 18:04:35	ℹ Pool describe_relations is now 91% complete ...
2023-01-13 18:04:52	ℹ Pool describe_relations is now 91% complete ...
2023-01-13 18:05:10	ℹ Pool describe_relations is now 91% complete ...
2023-01-13 18:05:26	ℹ Pool describe_relations is now 91% complete ...
2023-01-13 18:05:44	ℹ Pool describe_relations is now 91% complete ...
2023-01-13 18:06:00	ℹ Pool describe_relations is now 91% complete ...
2023-01-13 18:06:17	ℹ Pool describe_relations is now 91% complete ...
2023-01-13 18:06:35	ℹ Pool describe_relations is now 91% complete ...
2023-01-13 18:06:53	ℹ Pool describe_relations is now 91% complete ...
2023-01-13 18:07:11	ℹ Pool describe_relations is now 92% complete ...
2023-01-13 18:07:29	ℹ Pool describe_relations is now 94% complete ...
2023-01-13 18:07:46	ℹ Pool describe_relations is now 94% complete ...
2023-01-13 18:08:05	ℹ Pool describe_relations is now 94% complete ...
2023-01-13 18:08:23	ℹ Pool describe_relations is now 94% complete ...
2023-01-13 18:08:44	ℹ Pool describe_relations is now 94% complete ...
2023-01-13 18:09:01	ℹ Pool describe_relations is now 95% complete ...
2023-01-13 18:09:19	ℹ Pool describe_relations is now 95% complete ...
2023-01-13 18:09:37	ℹ Pool describe_relations is now 95% complete ...
2023-01-13 18:09:55	ℹ Pool describe_relations is now 95% complete ...
2023-01-13 18:10:13	ℹ Pool describe_relations is now 95% complete ...
2023-01-13 18:10:29	ℹ Pool describe_relations is now 95% complete ...
2023-01-13 18:10:47	ℹ Pool describe_relations is now 97% complete ...
2023-01-13 18:11:03	ℹ Pool describe_relations is now 97% complete ...
2023-01-13 18:11:21	ℹ Pool describe_relations is now 97% complete ...
2023-01-13 18:11:38	ℹ Pool describe_relations is now 97% complete ...
2023-01-13 18:11:56	ℹ Pool describe_relations is now 97% complete ...
2023-01-13 18:12:13	ℹ Pool describe_relations is now 97% complete ...
2023-01-13 18:12:30	ℹ Pool describe_relations is now 97% complete ...
2023-01-13 18:12:46	ℹ Pool describe_relations is now 97% complete ...
2023-01-13 18:13:03	ℹ Pool describe_relations is now 97% complete ...
2023-01-13 18:13:20	ℹ Pool describe_relations is now 97% complete ...
2023-01-13 18:13:37	ℹ Pool describe_relations is now 97% complete ...
2023-01-13 18:13:54	ℹ Pool describe_relations is now 97% complete ...
2023-01-13 18:14:11	ℹ Pool describe_relations is now 97% complete ...
2023-01-13 18:14:29	ℹ Pool describe_relations is now 97% complete ...
2023-01-13 18:14:45	ℹ Pool describe_relations is now 97% complete ...
2023-01-13 18:15:02	ℹ Pool describe_relations is now 97% complete ...
2023-01-13 18:15:18	ℹ Pool describe_relations is now 97% complete ...
2023-01-13 18:15:36	ℹ Pool describe_relations is now 97% complete ...
2023-01-13 18:15:54	ℹ Pool describe_relations is now 97% complete ...
2023-01-13 18:16:11	ℹ Pool describe_relations is now 97% complete ...
2023-01-13 18:16:28	ℹ Pool describe_relations is now 97% complete ...
2023-01-13 18:16:44	ℹ Pool describe_relations is now 97% complete ...
2023-01-13 18:17:01	ℹ Pool describe_relations is now 97% complete ...
2023-01-13 18:17:17	ℹ Pool describe_relations is now 97% complete ...
2023-01-13 18:17:35	ℹ Pool describe_relations is now 97% complete ...
2023-01-13 18:17:52	ℹ Pool describe_relations is now 97% complete ...
2023-01-13 18:18:09	ℹ Pool describe_relations is now 97% complete ...
2023-01-13 18:18:27	ℹ Pool describe_relations is now 97% complete ...
2023-01-13 18:18:44	ℹ Pool describe_relations is now 97% complete ...
2023-01-13 18:19:02	ℹ Pool describe_relations is now 97% complete ...
2023-01-13 18:19:20	ℹ Pool describe_relations is now 97% complete ...
2023-01-13 18:19:39	ℹ Pool describe_relations is now 97% complete ...
2023-01-13 18:19:57	ℹ Pool describe_relations is now 97% complete ...
2023-01-13 18:20:14	ℹ Pool describe_relations is now 97% complete ...
2023-01-13 18:20:32	ℹ Pool describe_relations is now 97% complete ...
2023-01-13 18:20:51	ℹ Pool describe_relations is now 97% complete ...
2023-01-13 18:21:09	ℹ Pool describe_relations is now 97% complete ...
2023-01-13 18:21:28	ℹ Pool describe_relations is now 97% complete ...
2023-01-13 18:21:46	ℹ Pool describe_relations is now 97% complete ...
2023-01-13 18:22:04	ℹ Pool describe_relations is now 97% complete ...
2023-01-13 18:22:20	ℹ Pool describe_relations is now 97% complete ...
2023-01-13 18:22:38	ℹ Pool describe_relations is now 97% complete ...
2023-01-13 18:22:54	ℹ Pool describe_relations is now 97% complete ...
2023-01-13 18:23:12	ℹ Pool describe_relations is now 97% complete ...
2023-01-13 18:23:29	ℹ Pool describe_relations is now 97% complete ...
2023-01-13 18:23:46	ℹ Pool describe_relations is now 97% complete ...
2023-01-13 18:24:03	ℹ Pool describe_relations is now 97% complete ...
2023-01-13 18:24:19	ℹ Pool describe_relations is now 97% complete ...
2023-01-13 18:24:36	ℹ Pool describe_relations is now 97% complete ...
2023-01-13 18:24:53	ℹ Pool describe_relations is now 97% complete ...
2023-01-13 18:25:10	ℹ Pool describe_relations is now 97% complete ...
2023-01-13 18:25:26	ℹ Pool describe_relations is now 97% complete ...
2023-01-13 18:25:44	ℹ Pool describe_relations is now 97% complete ...
2023-01-13 18:26:01	ℹ Pool describe_relations is now 97% complete ...
2023-01-13 18:26:17	ℹ Pool describe_relations is now 97% complete ...
2023-01-13 18:26:33	ℹ Pool describe_relations is now 97% complete ...
2023-01-13 18:26:50	ℹ Pool describe_relations is now 97% complete ...
2023-01-13 18:27:06	ℹ Pool describe_relations is now 97% complete ...
2023-01-13 18:27:23	ℹ Pool describe_relations is now 97% complete ...
2023-01-13 18:27:40	ℹ Pool describe_relations is now 97% complete ...
2023-01-13 18:27:57	ℹ Pool describe_relations is now 97% complete ...
2023-01-13 18:28:15	ℹ Pool describe_relations is now 97% complete ...
2023-01-13 18:28:31	ℹ Pool describe_relations is now 97% complete ...
2023-01-13 18:28:50	ℹ Pool describe_relations is now 97% complete ...
2023-01-13 18:29:08	ℹ Pool describe_relations is now 97% complete ...
2023-01-13 18:29:26	ℹ Pool describe_relations is now 97% complete ...
2023-01-13 18:29:43	ℹ Pool describe_relations is now 97% complete ...
2023-01-13 18:30:00	ℹ Pool describe_relations is now 97% complete ...
2023-01-13 18:30:16	ℹ Pool describe_relations is now 97% complete ...
2023-01-13 18:30:34	ℹ Pool describe_relations is now 97% complete ...
2023-01-13 18:30:50	ℹ Pool describe_relations is now 97% complete ...
2023-01-13 18:31:09	ℹ Pool describe_relations is now 97% complete ...
2023-01-13 18:31:27	ℹ Pool describe_relations is now 97% complete ...
2023-01-13 18:31:45	ℹ Pool describe_relations is now 97% complete ...
2023-01-13 18:32:01	ℹ Pool describe_relations is now 97% complete ...
2023-01-13 18:32:19	ℹ Pool describe_relations is now 97% complete ...
2023-01-13 18:32:37	ℹ Pool describe_relations is now 97% complete ...
2023-01-13 18:32:56	ℹ Pool describe_relations is now 97% complete ...
2023-01-13 18:33:12	ℹ Pool describe_relations is now 97% complete ...
2023-01-13 18:33:29	ℹ Pool describe_relations is now 97% complete ...
2023-01-13 18:33:47	ℹ Pool describe_relations is now 97% complete ...
2023-01-13 18:34:03	ℹ Pool describe_relations is now 97% complete ...
2023-01-13 18:34:21	ℹ Pool describe_relations is now 97% complete ...
2023-01-13 18:34:39	ℹ Pool describe_relations is now 97% complete ...
2023-01-13 18:34:55	ℹ Pool describe_relations is now 97% complete ...
2023-01-13 18:35:13	ℹ Pool describe_relations is now 97% complete ...
2023-01-13 18:35:29	ℹ Pool describe_relations is now 97% complete ...
2023-01-13 18:35:48	ℹ Pool describe_relations is now 97% complete ...
2023-01-13 18:36:05	ℹ Pool describe_relations is now 97% complete ...
2023-01-13 18:36:25	ℹ Pool describe_relations is now 97% complete ...
2023-01-13 18:36:44	ℹ Pool describe_relations is now 97% complete ...
2023-01-13 18:37:02	ℹ Pool describe_relations is now 97% complete ...
2023-01-13 18:37:19	ℹ Pool describe_relations is now 97% complete ...
2023-01-13 18:37:36	ℹ Pool describe_relations is now 97% complete ...
2023-01-13 18:37:54	ℹ Pool describe_relations is now 97% complete ...
2023-01-13 18:38:13	ℹ Pool describe_relations is now 97% complete ...
2023-01-13 18:38:30	ℹ Pool describe_relations is now 97% complete ...
2023-01-13 18:38:47	ℹ Pool describe_relations is now 97% complete ...
2023-01-13 18:39:05	ℹ Pool describe_relations is now 97% complete ...
2023-01-13 18:39:22	ℹ Pool describe_relations is now 97% complete ...
2023-01-13 18:39:39	ℹ Pool describe_relations is now 97% complete ...
2023-01-13 18:40:01	ℹ Pool describe_relations is now 97% complete ...
2023-01-13 18:40:17	ℹ Pool describe_relations is now 97% complete ...
2023-01-13 18:40:34	ℹ Pool describe_relations is now 97% complete ...
2023-01-13 18:40:51	ℹ Pool describe_relations is now 97% complete ...
2023-01-13 18:41:09	ℹ Pool describe_relations is now 97% complete ...
2023-01-13 18:41:27	ℹ Pool describe_relations is now 97% complete ...
2023-01-13 18:41:43	ℹ Pool describe_relations is now 97% complete ...
2023-01-13 18:42:00	ℹ Pool describe_relations is now 97% complete ...
2023-01-13 18:42:16	ℹ Pool describe_relations is now 97% complete ...
2023-01-13 18:42:34	ℹ Pool describe_relations is now 97% complete ...
2023-01-13 18:42:50	ℹ Pool describe_relations is now 97% complete ...
2023-01-13 18:43:08	ℹ Pool describe_relations is now 97% complete ...
2023-01-13 18:43:26	ℹ Pool describe_relations is now 97% complete ...
2023-01-13 18:43:42	ℹ Pool describe_relations is now 97% complete ...
2023-01-13 18:44:00	ℹ Pool describe_relations is now 97% complete ...
2023-01-13 18:44:16	ℹ Pool describe_relations is now 97% complete ...
2023-01-13 18:44:33	ℹ Pool describe_relations is now 97% complete ...
2023-01-13 18:44:51	ℹ Pool describe_relations is now 97% complete ...
2023-01-13 18:45:08	ℹ Pool describe_relations is now 97% complete ...
2023-01-13 18:45:25	ℹ Pool describe_relations is now 97% complete ...
2023-01-13 18:45:43	ℹ Pool describe_relations is now 97% complete ...
2023-01-13 18:46:00	ℹ Pool describe_relations is now 97% complete ...
2023-01-13 18:46:17	ℹ Pool describe_relations is now 97% complete ...
2023-01-13 18:46:34	ℹ Pool describe_relations is now 97% complete ...
2023-01-13 18:46:51	ℹ Pool describe_relations is now 97% complete ...
2023-01-13 18:47:07	ℹ Pool describe_relations is now 97% complete ...
2023-01-13 18:47:24	ℹ Pool describe_relations is now 97% complete ...
2023-01-13 18:47:41	ℹ Pool describe_relations is now 97% complete ...
2023-01-13 18:47:59	ℹ Pool describe_relations is now 97% complete ...
2023-01-13 18:48:16	ℹ Pool describe_relations is now 97% complete ...
2023-01-13 18:48:33	ℹ Pool describe_relations is now 97% complete ...
2023-01-13 18:48:51	ℹ Pool describe_relations is now 97% complete ...
2023-01-13 18:49:09	ℹ Pool describe_relations is now 97% complete ...
2023-01-13 18:49:25	ℹ Pool describe_relations is now 97% complete ...
2023-01-13 18:49:43	ℹ Pool describe_relations is now 97% complete ...
2023-01-13 18:49:59	ℹ Pool describe_relations is now 97% complete ...
2023-01-13 18:50:16	ℹ Pool describe_relations is now 97% complete ...
2023-01-13 18:50:37	ℹ Pool describe_relations is now 97% complete ...
2023-01-13 18:50:54	ℹ Pool describe_relations is now 97% complete ...
2023-01-13 18:51:10	ℹ Pool describe_relations is now 97% complete ...
2023-01-13 18:51:26	ℹ Pool describe_relations is now 97% complete ...
2023-01-13 18:51:43	ℹ Pool describe_relations is now 97% complete ...
2023-01-13 18:52:01	ℹ Pool describe_relations is now 97% complete ...
2023-01-13 18:52:19	ℹ Pool describe_relations is now 97% complete ...
2023-01-13 18:52:38	ℹ Pool describe_relations is now 97% complete ...
2023-01-13 18:52:54	ℹ Pool describe_relations is now 97% complete ...
2023-01-13 18:53:11	ℹ Pool describe_relations is now 97% complete ...
2023-01-13 18:53:27	ℹ Pool describe_relations is now 97% complete ...
2023-01-13 18:53:46	ℹ Pool describe_relations is now 97% complete ...
2023-01-13 18:54:02	ℹ Pool describe_relations is now 97% complete ...
2023-01-13 18:54:19	ℹ Pool describe_relations is now 97% complete ...
2023-01-13 18:54:37	ℹ Pool describe_relations is now 97% complete ...
2023-01-13 18:54:54	ℹ Pool describe_relations is now 97% complete ...
2023-01-13 18:55:12	ℹ Pool describe_relations is now 97% complete ...
2023-01-13 18:55:30	ℹ Pool describe_relations is now 97% complete ...
2023-01-13 18:55:46	ℹ Pool describe_relations is now 97% complete ...
2023-01-13 18:56:03	ℹ Pool describe_relations is now 97% complete ...
2023-01-13 18:56:20	ℹ Pool describe_relations is now 97% complete ...
2023-01-13 18:56:36	ℹ Pool describe_relations is now 97% complete ...
2023-01-13 18:56:52	ℹ Pool describe_relations is now 97% complete ...
2023-01-13 18:57:09	ℹ Pool describe_relations is now 97% complete ...
2023-01-13 18:57:26	ℹ Pool describe_relations is now 97% complete ...
2023-01-13 18:57:45	ℹ Pool describe_relations is now 97% complete ...
2023-01-13 18:58:02	ℹ Pool describe_relations is now 97% complete ...
2023-01-13 18:58:20	ℹ Pool describe_relations is now 97% complete ...
2023-01-13 18:58:38	ℹ Pool describe_relations is now 97% complete ...
2023-01-13 18:58:57	ℹ Pool describe_relations is now 97% complete ...
2023-01-13 18:59:14	ℹ Pool describe_relations is now 97% complete ...
2023-01-13 18:59:31	ℹ Pool describe_relations is now 97% complete ...
2023-01-13 18:59:53	ℹ Pool describe_relations is now 97% complete ...
2023-01-13 19:00:09	ℹ Pool describe_relations is now 97% complete ...
2023-01-13 19:00:27	ℹ Pool describe_relations is now 97% complete ...
2023-01-13 19:00:45	ℹ Pool describe_relations is now 97% complete ...
2023-01-13 19:01:01	ℹ Pool describe_relations is now 97% complete ...
2023-01-13 19:01:19	ℹ Pool describe_relations is now 97% complete ...
2023-01-13 19:01:37	ℹ Pool describe_relations is now 97% complete ...
2023-01-13 19:01:55	ℹ Pool describe_relations is now 97% complete ...
2023-01-13 19:02:12	ℹ Pool describe_relations is now 97% complete ...
2023-01-13 19:02:29	ℹ Pool describe_relations is now 97% complete ...
2023-01-13 19:02:46	ℹ Pool describe_relations is now 97% complete ...
2023-01-13 19:03:04	ℹ Pool describe_relations is now 97% complete ...
2023-01-13 19:03:24	ℹ Pool describe_relations is now 97% complete ...
2023-01-13 19:03:41	ℹ Pool describe_relations is now 97% complete ...
2023-01-13 19:03:57	ℹ Pool describe_relations is now 97% complete ...
2023-01-13 19:04:14	ℹ Pool describe_relations is now 97% complete ...
2023-01-13 19:04:34	ℹ Pool describe_relations is now 97% complete ...
2023-01-13 19:04:50	ℹ Pool describe_relations is now 97% complete ...
2023-01-13 19:05:07	ℹ Pool describe_relations is now 97% complete ...
2023-01-13 19:05:25	ℹ Pool describe_relations is now 97% complete ...
2023-01-13 19:05:41	ℹ Pool describe_relations is now 97% complete ...
2023-01-13 19:05:57	ℹ Pool describe_relations is now 97% complete ...
2023-01-13 19:06:14	ℹ Pool describe_relations is now 97% complete ...
2023-01-13 19:06:32	ℹ Pool describe_relations is now 97% complete ...
2023-01-13 19:06:48	ℹ Pool describe_relations is now 97% complete ...
2023-01-13 19:07:04	ℹ Pool describe_relations is now 97% complete ...
2023-01-13 19:07:21	ℹ Pool describe_relations is now 97% complete ...
2023-01-13 19:07:39	ℹ Pool describe_relations is now 97% complete ...
2023-01-13 19:07:55	ℹ Pool describe_relations is now 97% complete ...
2023-01-13 19:08:13	ℹ Pool describe_relations is now 97% complete ...
2023-01-13 19:08:32	ℹ Pool describe_relations is now 97% complete ...
2023-01-13 19:08:50	ℹ Pool describe_relations is now 97% complete ...
2023-01-13 19:09:08	ℹ Pool describe_relations is now 97% complete ...
2023-01-13 19:09:27	ℹ Pool describe_relations is now 97% complete ...
2023-01-13 19:09:45	ℹ Pool describe_relations is now 97% complete ...
2023-01-13 19:10:02	ℹ Pool describe_relations is now 97% complete ...
2023-01-13 19:10:20	ℹ Pool describe_relations is now 97% complete ...
2023-01-13 19:10:41	ℹ Pool describe_relations is now 97% complete ...
2023-01-13 19:10:58	ℹ Pool describe_relations is now 97% complete ...
2023-01-13 19:11:15	ℹ Pool describe_relations is now 97% complete ...
2023-01-13 19:11:33	ℹ Pool describe_relations is now 97% complete ...
2023-01-13 19:11:50	ℹ Pool describe_relations is now 97% complete ...
2023-01-13 19:12:06	ℹ Pool describe_relations is now 97% complete ...
2023-01-13 19:12:23	ℹ Pool describe_relations is now 97% complete ...
2023-01-13 19:12:40	ℹ Pool describe_relations is now 97% complete ...
2023-01-13 19:12:57	ℹ Pool describe_relations is now 97% complete ...
2023-01-13 19:13:15	ℹ Pool describe_relations is now 97% complete ...
2023-01-13 19:13:32	ℹ Pool describe_relations is now 97% complete ...
2023-01-13 19:13:50	ℹ Pool describe_relations is now 97% complete ...
2023-01-13 19:14:08	ℹ Pool describe_relations is now 97% complete ...
2023-01-13 19:14:26	ℹ Pool describe_relations is now 97% complete ...
2023-01-13 19:14:43	ℹ Pool describe_relations is now 97% complete ...
2023-01-13 19:15:01	ℹ Pool describe_relations is now 97% complete ...
2023-01-13 19:15:19	ℹ Pool describe_relations is now 97% complete ...
2023-01-13 19:15:37	ℹ Pool describe_relations is now 97% complete ...
2023-01-13 19:15:54	ℹ Pool describe_relations is now 97% complete ...
2023-01-13 19:16:12	ℹ Pool describe_relations is now 97% complete ...
2023-01-13 19:16:28	ℹ Pool describe_relations is now 97% complete ...
2023-01-13 19:16:46	ℹ Pool describe_relations is now 97% complete ...
2023-01-13 19:17:04	ℹ Pool describe_relations is now 97% complete ...
2023-01-13 19:17:20	ℹ Pool describe_relations is now 97% complete ...
2023-01-13 19:17:42	ℹ Pool describe_relations is now 97% complete ...
2023-01-13 19:18:00	ℹ Pool describe_relations is now 97% complete ...
2023-01-13 19:18:17	ℹ Pool describe_relations is now 97% complete ...
2023-01-13 19:18:35	ℹ Pool describe_relations is now 97% complete ...
2023-01-13 19:18:51	ℹ Pool describe_relations is now 97% complete ...
2023-01-13 19:19:08	ℹ Pool describe_relations is now 97% complete ...
2023-01-13 19:19:25	ℹ Pool describe_relations is now 97% complete ...
2023-01-13 19:19:44	ℹ Pool describe_relations is now 97% complete ...
2023-01-13 19:20:02	ℹ Pool describe_relations is now 97% complete ...
2023-01-13 19:20:20	ℹ Pool describe_relations is now 97% complete ...
2023-01-13 19:20:38	ℹ Pool describe_relations is now 97% complete ...
2023-01-13 19:20:55	ℹ Pool describe_relations is now 97% complete ...
2023-01-13 19:21:13	ℹ Pool describe_relations is now 97% complete ...
2023-01-13 19:21:31	ℹ Pool describe_relations is now 97% complete ...
2023-01-13 19:21:49	ℹ Pool describe_relations is now 97% complete ...
2023-01-13 19:22:05	ℹ Pool describe_relations is now 97% complete ...
2023-01-13 19:22:22	ℹ Pool describe_relations is now 97% complete ...
2023-01-13 19:22:40	ℹ Pool describe_relations is now 97% complete ...
2023-01-13 19:22:59	ℹ Pool describe_relations is now 97% complete ...
2023-01-13 19:23:16	ℹ Pool describe_relations is now 97% complete ...
2023-01-13 19:23:34	ℹ Pool describe_relations is now 97% complete ...
2023-01-13 19:23:52	ℹ Pool describe_relations is now 97% complete ...
2023-01-13 19:24:08	ℹ Pool describe_relations is now 97% complete ...
2023-01-13 19:24:25	ℹ Pool describe_relations is now 97% complete ...
2023-01-13 19:24:43	ℹ Pool describe_relations is now 97% complete ...
2023-01-13 19:24:59	ℹ Pool describe_relations is now 97% complete ...
2023-01-13 19:25:17	ℹ Pool describe_relations is now 97% complete ...
2023-01-13 19:25:35	ℹ Pool describe_relations is now 97% complete ...
2023-01-13 19:25:51	ℹ Pool describe_relations is now 97% complete ...
2023-01-13 19:26:09	ℹ Pool describe_relations is now 97% complete ...
2023-01-13 19:26:26	ℹ Pool describe_relations is now 97% complete ...
2023-01-13 19:26:43	ℹ Pool describe_relations is now 97% complete ...
2023-01-13 19:27:00	ℹ Pool describe_relations is now 97% complete ...
2023-01-13 19:27:16	ℹ Pool describe_relations is now 97% complete ...
2023-01-13 19:27:33	ℹ Pool describe_relations is now 97% complete ...
2023-01-13 19:27:50	ℹ Pool describe_relations is now 97% complete ...
2023-01-13 19:28:07	ℹ Pool describe_relations is now 97% complete ...
2023-01-13 19:28:23	ℹ Pool describe_relations is now 97% complete ...
2023-01-13 19:28:41	ℹ Pool describe_relations is now 97% complete ...
2023-01-13 19:28:59	ℹ Pool describe_relations is now 97% complete ...
2023-01-13 19:29:15	ℹ Pool describe_relations is now 97% complete ...
2023-01-13 19:29:33	ℹ Pool describe_relations is now 97% complete ...
2023-01-13 19:29:50	ℹ Pool describe_relations is now 97% complete ...
2023-01-13 19:30:06	ℹ Pool describe_relations is now 97% complete ...
2023-01-13 19:30:25	ℹ Pool describe_relations is now 97% complete ...
2023-01-13 19:30:43	ℹ Pool describe_relations is now 97% complete ...
2023-01-13 19:31:01	ℹ Pool describe_relations is now 97% complete ...
2023-01-13 19:31:17	ℹ Pool describe_relations is now 97% complete ...
2023-01-13 19:31:35	ℹ Pool describe_relations is now 97% complete ...
2023-01-13 19:31:53	ℹ Pool describe_relations is now 97% complete ...
2023-01-13 19:32:12	ℹ Pool describe_relations is now 97% complete ...
2023-01-13 19:32:28	ℹ Pool describe_relations is now 97% complete ...
2023-01-13 19:32:46	ℹ Pool describe_relations is now 97% complete ...
2023-01-13 19:33:04	ℹ Pool describe_relations is now 97% complete ...
2023-01-13 19:33:23	ℹ Pool describe_relations is now 97% complete ...
2023-01-13 19:33:41	ℹ Pool describe_relations is now 97% complete ...
2023-01-13 19:33:58	ℹ Pool describe_relations is now 97% complete ...
2023-01-13 19:34:15	ℹ Pool describe_relations is now 97% complete ...
2023-01-13 19:34:31	ℹ Pool describe_relations is now 97% complete ...
2023-01-13 19:34:48	ℹ Pool describe_relations is now 97% complete ...
2023-01-13 19:35:05	ℹ Pool describe_relations is now 97% complete ...
2023-01-13 19:35:23	ℹ Pool describe_relations is now 97% complete ...
2023-01-13 19:35:40	ℹ Pool describe_relations is now 97% complete ...
2023-01-13 19:35:58	ℹ Pool describe_relations is now 97% complete ...
2023-01-13 19:36:15	ℹ Pool describe_relations is now 97% complete ...
2023-01-13 19:36:32	ℹ Pool describe_relations is now 97% complete ...
2023-01-13 19:36:49	ℹ Pool describe_relations is now 97% complete ...
2023-01-13 19:37:05	ℹ Pool describe_relations is now 97% complete ...
2023-01-13 19:37:22	ℹ Pool describe_relations is now 97% complete ...
2023-01-13 19:37:39	ℹ Pool describe_relations is now 97% complete ...
2023-01-13 19:37:57	ℹ Pool describe_relations is now 97% complete ...
2023-01-13 19:38:13	ℹ Pool describe_relations is now 97% complete ...
2023-01-13 19:38:31	ℹ Pool describe_relations is now 97% complete ...
2023-01-13 19:38:49	ℹ Pool describe_relations is now 97% complete ...
2023-01-13 19:39:07	ℹ Pool describe_relations is now 97% complete ...
2023-01-13 19:39:24	ℹ Pool describe_relations is now 97% complete ...
2023-01-13 19:39:55	ℹ Pool describe_relations is now 97% complete ...
2023-01-13 19:40:12	ℹ Pool describe_relations is now 97% complete ...
2023-01-13 19:40:28	ℹ Pool describe_relations is now 97% complete ...
2023-01-13 19:40:44	ℹ Pool describe_relations is now 97% complete ...
2023-01-13 19:41:01	ℹ Pool describe_relations is now 97% complete ...
2023-01-13 19:41:17	ℹ Pool describe_relations is now 97% complete ...
2023-01-13 19:41:34	ℹ Pool describe_relations is now 97% complete ...
2023-01-13 19:41:50	ℹ Pool describe_relations is now 97% complete ...
2023-01-13 19:42:07	ℹ Pool describe_relations is now 97% complete ...
2023-01-13 19:42:25	ℹ Pool describe_relations is now 97% complete ...
2023-01-13 19:42:42	ℹ Pool describe_relations is now 97% complete ...
2023-01-13 19:43:04	ℹ Pool describe_relations is now 97% complete ...
2023-01-13 19:43:21	ℹ Pool describe_relations is now 97% complete ...
2023-01-13 19:43:41	ℹ Pool describe_relations is now 97% complete ...
2023-01-13 19:43:58	ℹ Pool describe_relations is now 97% complete ...
2023-01-13 19:44:17	ℹ Pool describe_relations is now 97% complete ...
2023-01-13 19:44:35	ℹ Pool describe_relations is now 97% complete ...
2023-01-13 19:44:53	ℹ Pool describe_relations is now 97% complete ...
2023-01-13 19:45:09	ℹ Pool describe_relations is now 97% complete ...
2023-01-13 19:45:27	ℹ Pool describe_relations is now 97% complete ...
2023-01-13 19:45:45	ℹ Pool describe_relations is now 97% complete ...
2023-01-13 19:46:02	ℹ Pool describe_relations is now 97% complete ...
2023-01-13 19:46:19	ℹ Pool describe_relations is now 97% complete ...
2023-01-13 19:46:37	ℹ Pool describe_relations is now 97% complete ...
2023-01-13 19:46:55	ℹ Pool describe_relations is now 97% complete ...
2023-01-13 19:47:11	ℹ Pool describe_relations is now 97% complete ...
2023-01-13 19:47:28	ℹ Pool describe_relations is now 97% complete ...
2023-01-13 19:47:47	ℹ Pool describe_relations is now 97% complete ...
2023-01-13 19:48:03	ℹ Pool describe_relations is now 97% complete ...
2023-01-13 19:48:21	ℹ Pool describe_relations is now 97% complete ...
2023-01-13 19:48:39	ℹ Pool describe_relations is now 97% complete ...
2023-01-13 19:48:58	ℹ Pool describe_relations is now 97% complete ...
2023-01-13 19:49:14	ℹ Pool describe_relations is now 97% complete ...
2023-01-13 19:49:32	ℹ Pool describe_relations is now 97% complete ...
2023-01-13 19:49:48	ℹ Pool describe_relations is now 97% complete ...
2023-01-13 19:50:05	ℹ Pool describe_relations is now 97% complete ...
2023-01-13 19:50:23	ℹ Pool describe_relations is now 97% complete ...
2023-01-13 19:50:40	ℹ Pool describe_relations is now 97% complete ...
2023-01-13 19:50:57	ℹ Pool describe_relations is now 97% complete ...
2023-01-13 19:51:15	ℹ Pool describe_relations is now 97% complete ...
2023-01-13 19:51:32	ℹ Pool describe_relations is now 97% complete ...
2023-01-13 19:51:49	ℹ Pool describe_relations is now 97% complete ...
2023-01-13 19:52:06	ℹ Pool describe_relations is now 97% complete ...
2023-01-13 19:52:24	ℹ Pool describe_relations is now 97% complete ...
2023-01-13 19:52:42	ℹ Pool describe_relations is now 97% complete ...
2023-01-13 19:53:02	ℹ Pool describe_relations is now 97% complete ...
2023-01-13 19:53:20	ℹ Pool describe_relations is now 97% complete ...
2023-01-13 19:53:37	ℹ Pool describe_relations is now 97% complete ...
2023-01-13 19:53:53	ℹ Pool describe_relations is now 97% complete ...
2023-01-13 19:54:11	ℹ Pool describe_relations is now 97% complete ...
2023-01-13 19:54:27	ℹ Pool describe_relations is now 97% complete ...
2023-01-13 19:54:44	ℹ Pool describe_relations is now 97% complete ...
2023-01-13 19:55:00	ℹ Pool describe_relations is now 97% complete ...
2023-01-13 19:55:16	ℹ Pool describe_relations is now 97% complete ...
2023-01-13 19:55:33	ℹ Pool describe_relations is now 97% complete ...
2023-01-13 19:55:50	ℹ Pool describe_relations is now 97% complete ...
2023-01-13 19:56:07	ℹ Pool describe_relations is now 97% complete ...
2023-01-13 19:56:24	ℹ Pool describe_relations is now 97% complete ...
2023-01-13 19:56:41	ℹ Pool describe_relations is now 97% complete ...
2023-01-13 19:56:57	ℹ Pool describe_relations is now 97% complete ...
2023-01-13 19:57:15	ℹ Pool describe_relations is now 97% complete ...
2023-01-13 19:57:31	ℹ Pool describe_relations is now 97% complete ...
2023-01-13 19:57:49	ℹ Pool describe_relations is now 97% complete ...
2023-01-13 19:58:10	ℹ Pool describe_relations is now 97% complete ...
2023-01-13 19:58:26	ℹ Pool describe_relations is now 97% complete ...
2023-01-13 19:58:43	ℹ Pool describe_relations is now 97% complete ...
2023-01-13 19:58:59	ℹ Pool describe_relations is now 97% complete ...
2023-01-13 19:59:17	ℹ Pool describe_relations is now 97% complete ...
2023-01-13 19:59:33	ℹ Pool describe_relations is now 97% complete ...
2023-01-13 19:59:53	ℹ Pool describe_relations is now 97% complete ...
2023-01-13 20:00:09	ℹ Pool describe_relations is now 97% complete ...
2023-01-13 20:00:25	ℹ Pool describe_relations is now 97% complete ...
2023-01-13 20:00:43	ℹ Pool describe_relations is now 97% complete ...
2023-01-13 20:01:01	ℹ Pool describe_relations is now 97% complete ...
2023-01-13 20:01:17	ℹ Pool describe_relations is now 97% complete ...
2023-01-13 20:01:34	ℹ Pool describe_relations is now 97% complete ...
2023-01-13 20:01:50	ℹ Pool describe_relations is now 97% complete ...
2023-01-13 20:02:07	ℹ Pool describe_relations is now 97% complete ...
2023-01-13 20:02:23	ℹ Pool describe_relations is now 97% complete ...
2023-01-13 20:02:41	ℹ Pool describe_relations is now 97% complete ...
2023-01-13 20:02:58	ℹ Pool describe_relations is now 97% complete ...
2023-01-13 20:03:16	ℹ Pool describe_relations is now 97% complete ...
2023-01-13 20:03:34	ℹ Pool describe_relations is now 97% complete ...
2023-01-13 20:03:50	ℹ Pool describe_relations is now 97% complete ...
2023-01-13 20:04:08	ℹ Pool describe_relations is now 97% complete ...
2023-01-13 20:04:24	ℹ Pool describe_relations is now 97% complete ...
2023-01-13 20:04:42	ℹ Pool describe_relations is now 97% complete ...
2023-01-13 20:05:00	ℹ Pool describe_relations is now 97% complete ...
2023-01-13 20:05:16	ℹ Pool describe_relations is now 97% complete ...
2023-01-13 20:05:33	ℹ Pool describe_relations is now 97% complete ...
2023-01-13 20:05:49	ℹ Pool describe_relations is now 97% complete ...
2023-01-13 20:06:07	ℹ Pool describe_relations is now 97% complete ...
2023-01-13 20:06:25	ℹ Pool describe_relations is now 97% complete ...
2023-01-13 20:06:43	ℹ Pool describe_relations is now 97% complete ...
2023-01-13 20:07:00	ℹ Pool describe_relations is now 97% complete ...
2023-01-13 20:07:23	ℹ Pool describe_relations is now 97% complete ...
2023-01-13 20:07:40	ℹ Pool describe_relations is now 97% complete ...
2023-01-13 20:07:57	ℹ Pool describe_relations is now 97% complete ...
2023-01-13 20:08:15	ℹ Pool describe_relations is now 97% complete ...
2023-01-13 20:08:32	ℹ Pool describe_relations is now 97% complete ...
2023-01-13 20:08:47	ℹ Closed pool with ID 37272383

